[2026-05-21 02:04:52Z INFO HostContext] No proxy settings were found based on environmental variables (http_proxy/https_proxy/HTTP_PROXY/HTTPS_PROXY)
[2026-05-21 02:04:52Z INFO HostContext] Well known directory 'Bin': 'C:\Users\matisse\Desktop\docker-simple-cicd-demo\actions-runner\bin'
[2026-05-21 02:04:52Z INFO HostContext] Well known directory 'Root': 'C:\Users\matisse\Desktop\docker-simple-cicd-demo\actions-runner'
[2026-05-21 02:04:52Z INFO HostContext] Well known config file 'Credentials': 'C:\Users\matisse\Desktop\docker-simple-cicd-demo\actions-runner\.credentials'
[2026-05-21 02:04:52Z INFO HostContext] Well known directory 'Bin': 'C:\Users\matisse\Desktop\docker-simple-cicd-demo\actions-runner\bin'
[2026-05-21 02:04:52Z INFO HostContext] Well known directory 'Root': 'C:\Users\matisse\Desktop\docker-simple-cicd-demo\actions-runner'
[2026-05-21 02:04:52Z INFO HostContext] Well known config file 'Runner': 'C:\Users\matisse\Desktop\docker-simple-cicd-demo\actions-runner\.runner'
[2026-05-21 02:04:52Z INFO Listener] Runner is built for Windows (X64) - win-x64.
[2026-05-21 02:04:52Z INFO Listener] RuntimeInformation: Microsoft Windows 10.0.26200.
[2026-05-21 02:04:52Z INFO Listener] Version: 2.334.0
[2026-05-21 02:04:52Z INFO Listener] Commit: f1995ede5d885c997d13d8eca5467c4ce97fe69c
[2026-05-21 02:04:52Z INFO Listener] Culture: ja-JP
[2026-05-21 02:04:52Z INFO Listener] UI Culture: ja-JP
[2026-05-21 02:04:52Z INFO HostContext] Well known directory 'Bin': 'C:\Users\matisse\Desktop\docker-simple-cicd-demo\actions-runner\bin'
[2026-05-21 02:04:52Z INFO HostContext] Well known directory 'Root': 'C:\Users\matisse\Desktop\docker-simple-cicd-demo\actions-runner'
[2026-05-21 02:04:52Z INFO Listener] Validating directory permissions for: 'C:\Users\matisse\Desktop\docker-simple-cicd-demo\actions-runner'
[2026-05-21 02:04:52Z INFO CommandLineParser] Parse
[2026-05-21 02:04:52Z INFO CommandLineParser] Parsing 1 args
[2026-05-21 02:04:52Z INFO CommandLineParser] parsing argument
[2026-05-21 02:04:52Z INFO CommandLineParser] HasArgs: False
[2026-05-21 02:04:52Z INFO CommandLineParser] Adding Command: run
[2026-05-21 02:04:52Z INFO Listener] Arguments parsed
[2026-05-21 02:04:52Z INFO Runner] ExecuteCommand
[2026-05-21 02:04:52Z INFO ConfigurationStore] currentAssemblyLocation: C:\Users\matisse\Desktop\docker-simple-cicd-demo\actions-runner\bin\Runner.Listener.dll
[2026-05-21 02:04:52Z INFO HostContext] Well known directory 'Bin': 'C:\Users\matisse\Desktop\docker-simple-cicd-demo\actions-runner\bin'
[2026-05-21 02:04:52Z INFO ConfigurationStore] binPath: C:\Users\matisse\Desktop\docker-simple-cicd-demo\actions-runner\bin
[2026-05-21 02:04:52Z INFO HostContext] Well known directory 'Bin': 'C:\Users\matisse\Desktop\docker-simple-cicd-demo\actions-runner\bin'
[2026-05-21 02:04:52Z INFO HostContext] Well known directory 'Root': 'C:\Users\matisse\Desktop\docker-simple-cicd-demo\actions-runner'
[2026-05-21 02:04:52Z INFO ConfigurationStore] RootFolder: C:\Users\matisse\Desktop\docker-simple-cicd-demo\actions-runner
[2026-05-21 02:04:52Z INFO HostContext] Well known directory 'Bin': 'C:\Users\matisse\Desktop\docker-simple-cicd-demo\actions-runner\bin'
[2026-05-21 02:04:52Z INFO HostContext] Well known directory 'Root': 'C:\Users\matisse\Desktop\docker-simple-cicd-demo\actions-runner'
[2026-05-21 02:04:52Z INFO HostContext] Well known config file 'Runner': 'C:\Users\matisse\Desktop\docker-simple-cicd-demo\actions-runner\.runner'
[2026-05-21 02:04:52Z INFO ConfigurationStore] ConfigFilePath: C:\Users\matisse\Desktop\docker-simple-cicd-demo\actions-runner\.runner
[2026-05-21 02:04:52Z INFO HostContext] Well known directory 'Bin': 'C:\Users\matisse\Desktop\docker-simple-cicd-demo\actions-runner\bin'
[2026-05-21 02:04:52Z INFO HostContext] Well known directory 'Root': 'C:\Users\matisse\Desktop\docker-simple-cicd-demo\actions-runner'
[2026-05-21 02:04:52Z INFO HostContext] Well known config file 'MigratedRunner': 'C:\Users\matisse\Desktop\docker-simple-cicd-demo\actions-runner\.runner_migrated'
[2026-05-21 02:04:52Z INFO ConfigurationStore] MigratedConfigFilePath: C:\Users\matisse\Desktop\docker-simple-cicd-demo\actions-runner\.runner_migrated
[2026-05-21 02:04:52Z INFO HostContext] Well known directory 'Bin': 'C:\Users\matisse\Desktop\docker-simple-cicd-demo\actions-runner\bin'
[2026-05-21 02:04:52Z INFO HostContext] Well known directory 'Root': 'C:\Users\matisse\Desktop\docker-simple-cicd-demo\actions-runner'
[2026-05-21 02:04:52Z INFO HostContext] Well known config file 'Credentials': 'C:\Users\matisse\Desktop\docker-simple-cicd-demo\actions-runner\.credentials'
[2026-05-21 02:04:52Z INFO ConfigurationStore] CredFilePath: C:\Users\matisse\Desktop\docker-simple-cicd-demo\actions-runner\.credentials
[2026-05-21 02:04:52Z INFO HostContext] Well known directory 'Bin': 'C:\Users\matisse\Desktop\docker-simple-cicd-demo\actions-runner\bin'
[2026-05-21 02:04:52Z INFO HostContext] Well known directory 'Root': 'C:\Users\matisse\Desktop\docker-simple-cicd-demo\actions-runner'
[2026-05-21 02:04:52Z INFO HostContext] Well known config file 'MigratedCredentials': 'C:\Users\matisse\Desktop\docker-simple-cicd-demo\actions-runner\.credentials_migrated'
[2026-05-21 02:04:52Z INFO ConfigurationStore] MigratedCredFilePath: C:\Users\matisse\Desktop\docker-simple-cicd-demo\actions-runner\.credentials_migrated
[2026-05-21 02:04:52Z INFO HostContext] Well known directory 'Bin': 'C:\Users\matisse\Desktop\docker-simple-cicd-demo\actions-runner\bin'
[2026-05-21 02:04:52Z INFO HostContext] Well known directory 'Root': 'C:\Users\matisse\Desktop\docker-simple-cicd-demo\actions-runner'
[2026-05-21 02:04:52Z INFO HostContext] Well known config file 'Service': 'C:\Users\matisse\Desktop\docker-simple-cicd-demo\actions-runner\.service'
[2026-05-21 02:04:52Z INFO ConfigurationStore] ServiceConfigFilePath: C:\Users\matisse\Desktop\docker-simple-cicd-demo\actions-runner\.service
[2026-05-21 02:04:52Z INFO CommandSettings] Flag 'help': 'False'
[2026-05-21 02:04:52Z INFO CommandSettings] Flag 'version': 'False'
[2026-05-21 02:04:52Z INFO CommandSettings] Flag 'commit': 'False'
[2026-05-21 02:04:52Z INFO CommandSettings] Flag 'check': 'False'
[2026-05-21 02:04:52Z INFO CommandSettings] Command 'configure': 'False'
[2026-05-21 02:04:52Z INFO CommandSettings] Command 'remove': 'False'
[2026-05-21 02:04:52Z INFO CommandSettings] Command 'warmup': 'False'
[2026-05-21 02:04:52Z INFO ConfigurationManager] LoadSettings
[2026-05-21 02:04:52Z INFO ConfigurationStore] IsConfigured()
[2026-05-21 02:04:52Z INFO ConfigurationStore] IsConfigured: True
[2026-05-21 02:04:52Z INFO ConfigurationManager] Is configured: True
[2026-05-21 02:04:52Z INFO ConfigurationStore] Read setting file: 453 chars
[2026-05-21 02:04:52Z INFO ConfigurationManager] Settings Loaded
[2026-05-21 02:04:52Z INFO ConfigurationStore] IsServiceConfigured()
[2026-05-21 02:04:52Z INFO ConfigurationStore] IsServiceConfigured: False
[2026-05-21 02:04:52Z INFO CommandSettings] Command 'run': 'True'
[2026-05-21 02:04:52Z INFO ConfigurationStore] IsConfigured()
[2026-05-21 02:04:52Z INFO ConfigurationStore] IsConfigured: True
[2026-05-21 02:04:52Z INFO ConfigurationManager] Is configured: True
[2026-05-21 02:04:52Z INFO Runner] Could not parse the argument value '' for StartupType. Defaulting to Manual
[2026-05-21 02:04:52Z INFO Runner] Set runner startup type - Manual
[2026-05-21 02:04:52Z INFO CommandSettings] Flag 'once': 'False'
[2026-05-21 02:04:52Z INFO CommandSettings] Flag 'once': 'False'
[2026-05-21 02:04:52Z INFO Runner] RunAsync
[2026-05-21 02:04:52Z INFO HostContext] Well known directory 'Bin': 'C:\Users\matisse\Desktop\docker-simple-cicd-demo\actions-runner\bin'
[2026-05-21 02:04:52Z INFO HostContext] Well known directory 'Root': 'C:\Users\matisse\Desktop\docker-simple-cicd-demo\actions-runner'
[2026-05-21 02:04:52Z INFO HostContext] Well known directory 'Work': 'C:\Users\matisse\Desktop\actions-work'
[2026-05-21 02:04:52Z INFO Runner] Validating directory permissions for: 'C:\Users\matisse\Desktop\actions-work'
[2026-05-21 02:04:52Z INFO ConfigurationManager] LoadMigratedSettings
[2026-05-21 02:04:52Z INFO ConfigurationStore] IsMigratedConfigured()
[2026-05-21 02:04:52Z INFO ConfigurationStore] IsMigratedConfigured: False
[2026-05-21 02:04:52Z INFO Runner] Failed to load migrated settings: No migrated configuration found.
[2026-05-21 02:04:52Z INFO Runner] Falling back to original .runner settings
[2026-05-21 02:04:52Z INFO Runner] Using BrokerMessageListener
[2026-05-21 02:04:52Z INFO BrokerMessageListener] Using provided settings
[2026-05-21 02:04:52Z INFO BrokerMessageListener] {
  "AgentId": 22,
  "AgentName": "DESKTOP-NM4ID62",
  "PoolId": 1,
  "PoolName": "Default",
  "ServerUrl": "https://pipelinesghubeus9.actions.githubusercontent.com/rUBOJHrlkELmj5pV8YbuH7McXaNIRpV3mhlooBPd2S3aXD9CY7/",
  "GitHubUrl": "https://github.com/rui0302-sasaki/docker-simple-cicd-demo",
  "WorkFolder": "C:\\Users\\matisse\\Desktop\\actions-work",
  "UseV2Flow": true,
  "ServerUrlV2": "https://broker.actions.githubusercontent.com/"
}
[2026-05-21 02:04:52Z INFO BrokerMessageListener] Loading Credentials
[2026-05-21 02:04:52Z INFO ConfigurationStore] HasCredentials()
[2026-05-21 02:04:52Z INFO ConfigurationStore] stored True
[2026-05-21 02:04:52Z INFO CredentialManager] GetCredentialProvider
[2026-05-21 02:04:52Z INFO CredentialManager] Creating type OAuth
[2026-05-21 02:04:52Z INFO CredentialManager] Creating credential type: OAuth
[2026-05-21 02:04:52Z INFO HostContext] Well known directory 'Bin': 'C:\Users\matisse\Desktop\docker-simple-cicd-demo\actions-runner\bin'
[2026-05-21 02:04:52Z INFO HostContext] Well known directory 'Root': 'C:\Users\matisse\Desktop\docker-simple-cicd-demo\actions-runner'
[2026-05-21 02:04:52Z INFO HostContext] Well known config file 'RSACredentials': 'C:\Users\matisse\Desktop\docker-simple-cicd-demo\actions-runner\.credentials_rsaparams'
[2026-05-21 02:04:52Z INFO RSAEncryptedFileKeyManager] Loading RSA key parameters from file C:\Users\matisse\Desktop\docker-simple-cicd-demo\actions-runner\.credentials_rsaparams
[2026-05-21 02:04:52Z INFO BrokerMessageListener] Attempt to create session.
[2026-05-21 02:04:52Z INFO BrokerMessageListener] Connecting to the Broker Server...
[2026-05-21 02:04:52Z INFO ConfigurationStore] HasCredentials()
[2026-05-21 02:04:52Z INFO ConfigurationStore] stored True
[2026-05-21 02:04:52Z INFO CredentialManager] GetCredentialProvider
[2026-05-21 02:04:52Z INFO CredentialManager] Creating type OAuth
[2026-05-21 02:04:52Z INFO CredentialManager] Creating credential type: OAuth
[2026-05-21 02:04:52Z INFO RSAEncryptedFileKeyManager] Loading RSA key parameters from file C:\Users\matisse\Desktop\docker-simple-cicd-demo\actions-runner\.credentials_rsaparams
[2026-05-21 02:04:52Z INFO BrokerMessageListener] VssConnection created
[2026-05-21 02:04:52Z INFO BrokerMessageListener] Connecting to the Runner server...
[2026-05-21 02:04:52Z INFO RunnerServer] EstablishVssConnection
[2026-05-21 02:04:52Z INFO RunnerServer] Establish connection with 100 seconds timeout.
[2026-05-21 02:04:52Z INFO GitHubActionsService] Starting operation Location.GetConnectionData
[2026-05-21 02:04:52Z INFO RunnerServer] EstablishVssConnection
[2026-05-21 02:04:52Z INFO RunnerServer] Establish connection with 60 seconds timeout.
[2026-05-21 02:04:52Z INFO GitHubActionsService] Starting operation Location.GetConnectionData
[2026-05-21 02:04:52Z INFO RunnerServer] EstablishVssConnection
[2026-05-21 02:04:52Z INFO RunnerServer] Establish connection with 60 seconds timeout.
[2026-05-21 02:04:52Z INFO GitHubActionsService] Starting operation Location.GetConnectionData
[2026-05-21 02:04:53Z INFO GitHubActionsService] Finished operation Location.GetConnectionData
[2026-05-21 02:04:53Z INFO GitHubActionsService] Finished operation Location.GetConnectionData
[2026-05-21 02:04:53Z INFO GitHubActionsService] Finished operation Location.GetConnectionData
[2026-05-21 02:04:53Z INFO BrokerMessageListener] VssConnection created
[2026-05-21 02:04:53Z INFO Terminal] WRITE LINE: 
[2026-05-21 02:04:53Z INFO Terminal] WRITE LINE: 
[2026-05-21 02:04:53Z INFO RSAEncryptedFileKeyManager] Loading RSA key parameters from file C:\Users\matisse\Desktop\docker-simple-cicd-demo\actions-runner\.credentials_rsaparams
[2026-05-21 02:04:53Z INFO RSAEncryptedFileKeyManager] Loading RSA key parameters from file C:\Users\matisse\Desktop\docker-simple-cicd-demo\actions-runner\.credentials_rsaparams
[2026-05-21 02:04:54Z INFO GitHubActionsService] AAD Correlation ID for this token request: Unknown
[2026-05-21 02:04:54Z INFO BrokerMessageListener] Session created.
[2026-05-21 02:04:54Z INFO Terminal] WRITE LINE: Current runner version: '2.334.0'
[2026-05-21 02:04:54Z INFO Terminal] WRITE LINE: 2026-05-21 02:04:54Z: Listening for Jobs
[2026-05-21 02:04:54Z INFO JobDispatcher] Set runner/worker IPC timeout to 30 seconds.
[2026-05-21 02:06:06Z INFO BrokerMessageListener] Acknowledging runner request 'bd73b8d5-a66d-58ec-9af2-1164aefca3c0'.
[2026-05-21 02:06:06Z INFO ConfigurationStore] HasCredentials()
[2026-05-21 02:06:06Z INFO ConfigurationStore] stored True
[2026-05-21 02:06:06Z INFO CredentialManager] GetCredentialProvider
[2026-05-21 02:06:06Z INFO CredentialManager] Creating type OAuth
[2026-05-21 02:06:06Z INFO CredentialManager] Creating credential type: OAuth
[2026-05-21 02:06:06Z INFO RSAEncryptedFileKeyManager] Loading RSA key parameters from file C:\Users\matisse\Desktop\docker-simple-cicd-demo\actions-runner\.credentials_rsaparams
[2026-05-21 02:06:06Z INFO RSAEncryptedFileKeyManager] Loading RSA key parameters from file C:\Users\matisse\Desktop\docker-simple-cicd-demo\actions-runner\.credentials_rsaparams
[2026-05-21 02:06:06Z INFO RSAEncryptedFileKeyManager] Loading RSA key parameters from file C:\Users\matisse\Desktop\docker-simple-cicd-demo\actions-runner\.credentials_rsaparams
[2026-05-21 02:06:07Z INFO GitHubActionsService] AAD Correlation ID for this token request: Unknown
[2026-05-21 02:06:08Z INFO JobDispatcher] Job request 0 for plan 35d8f6c9-aec7-438b-9344-154b88ecc63a job bd73b8d5-a66d-58ec-9af2-1164aefca3c0 received.
[2026-05-21 02:06:08Z INFO JobDispatcher] Pull OrchestrationId 35d8f6c9-aec7-438b-9344-154b88ecc63a.web-test-build-image.__default from JWT claims
[2026-05-21 02:06:08Z INFO BrokerMessageListener] Received job status event. JobState: Busy
[2026-05-21 02:06:08Z INFO BrokerMessageListener] _getMessagesTokenSource is already disposed.
[2026-05-21 02:06:08Z INFO Terminal] WRITE LINE: 2026-05-21 02:06:08Z: Running job: Web Container - Test and Build
[2026-05-21 02:06:08Z INFO JobDispatcher] Start renew job request 0 for job bd73b8d5-a66d-58ec-9af2-1164aefca3c0.
[2026-05-21 02:06:09Z INFO JobDispatcher] Successfully renew job bd73b8d5-a66d-58ec-9af2-1164aefca3c0, job is valid till 2026/05/21 2:16:08
[2026-05-21 02:06:09Z INFO HostContext] Well known directory 'Bin': 'C:\Users\matisse\Desktop\docker-simple-cicd-demo\actions-runner\bin'
[2026-05-21 02:06:09Z INFO ProcessInvokerWrapper] Starting process:
[2026-05-21 02:06:09Z INFO ProcessInvokerWrapper]   File name: 'C:\Users\matisse\Desktop\docker-simple-cicd-demo\actions-runner\bin\Runner.Worker.exe'
[2026-05-21 02:06:09Z INFO ProcessInvokerWrapper]   Arguments: 'spawnclient 1876 616'
[2026-05-21 02:06:09Z INFO ProcessInvokerWrapper]   Working directory: 'C:\Users\matisse\Desktop\docker-simple-cicd-demo\actions-runner\bin'
[2026-05-21 02:06:09Z INFO ProcessInvokerWrapper]   Require exit code zero: 'False'
[2026-05-21 02:06:09Z INFO ProcessInvokerWrapper]   Encoding web name:  ; code page: ''
[2026-05-21 02:06:09Z INFO ProcessInvokerWrapper]   Force kill process on cancellation: 'True'
[2026-05-21 02:06:09Z INFO ProcessInvokerWrapper]   Redirected STDIN: 'False'
[2026-05-21 02:06:09Z INFO ProcessInvokerWrapper]   Persist current code page: 'False'
[2026-05-21 02:06:09Z INFO ProcessInvokerWrapper]   Keep redirected STDIN open: 'False'
[2026-05-21 02:06:09Z INFO ProcessInvokerWrapper]   High priority process: 'True'
[2026-05-21 02:06:09Z INFO ProcessInvokerWrapper] Process started with process id 27040, waiting for process exit.
[2026-05-21 02:06:09Z INFO JobDispatcher] Send job request message to worker for job bd73b8d5-a66d-58ec-9af2-1164aefca3c0.
[2026-05-21 02:06:09Z INFO ProcessChannel] Sending message of length 24573, with hash '62512fa88458c2f6569845073f2d4da134c8cb043a8f576bd1af925ba48f20e8'
[2026-05-21 02:06:09Z INFO JobNotification] Entering JobStarted Notification
[2026-05-21 02:06:09Z INFO JobNotification] Entering StartMonitor
[2026-05-21 02:06:53Z INFO ProcessInvokerWrapper] STDOUT/STDERR stream read finished.
[2026-05-21 02:06:53Z INFO ProcessInvokerWrapper] STDOUT/STDERR stream read finished.
[2026-05-21 02:06:53Z INFO ProcessInvokerWrapper] Finished process 27040 with exit code 102, and elapsed time 00:00:44.6617761.
[2026-05-21 02:06:53Z INFO JobDispatcher] Worker finished for job bd73b8d5-a66d-58ec-9af2-1164aefca3c0. Code: 102
[2026-05-21 02:06:53Z INFO JobDispatcher] finish job request for job bd73b8d5-a66d-58ec-9af2-1164aefca3c0 with result: Failed
[2026-05-21 02:06:53Z INFO Terminal] WRITE LINE: 2026-05-21 02:06:53Z: Job Web Container - Test and Build completed with result: Failed
[2026-05-21 02:06:53Z INFO JobDispatcher] Stop renew job request for job bd73b8d5-a66d-58ec-9af2-1164aefca3c0.
[2026-05-21 02:06:53Z INFO JobDispatcher] job renew has been cancelled, stop renew job bd73b8d5-a66d-58ec-9af2-1164aefca3c0.
[2026-05-21 02:06:53Z INFO JobNotification] Entering JobCompleted Notification
[2026-05-21 02:06:53Z INFO JobNotification] Entering EndMonitor
[2026-05-21 02:06:53Z INFO BrokerMessageListener] Received job status event. JobState: Online
[2026-05-21 02:06:53Z WARN GitHubActionsService] GET request to https://broker.actions.githubusercontent.com/message?sessionId=dc560954-df41-4528-b7af-2bf211f652d5&status=Busy&runnerVersion=2.334.0&os=Windows&architecture=X64&disableUpdate=false has been cancelled.
[2026-05-21 02:06:53Z ERR  BrokerServer] Catch exception during request
[2026-05-21 02:06:53Z ERR  BrokerServer] System.Threading.Tasks.TaskCanceledException: The operation was canceled.
 ---> System.Threading.Tasks.TaskCanceledException: The operation was canceled.
 ---> System.IO.IOException: Unable to read data from the transport connection: スレッドの終了またはアプリケーションの要求によって、I/O 処理は中止されました。.
 ---> System.Net.Sockets.SocketException (995): スレッドの終了またはアプリケーションの要求によって、I/O 処理は中止されました。
   --- End of inner exception stack trace ---
   at System.Net.Sockets.Socket.AwaitableSocketAsyncEventArgs.ThrowException(SocketError error, CancellationToken cancellationToken)
   at System.Net.Sockets.Socket.AwaitableSocketAsyncEventArgs.System.Threading.Tasks.Sources.IValueTaskSource<System.Int32>.GetResult(Int16 token)
   at System.Net.Security.SslStream.EnsureFullTlsFrameAsync[TIOAdapter](CancellationToken cancellationToken, Int32 estimatedSize)
   at System.Runtime.CompilerServices.PoolingAsyncValueTaskMethodBuilder`1.StateMachineBox`1.System.Threading.Tasks.Sources.IValueTaskSource<TResult>.GetResult(Int16 token)
   at System.Net.Security.SslStream.ReadAsyncInternal[TIOAdapter](Memory`1 buffer, CancellationToken cancellationToken)
   at System.Runtime.CompilerServices.PoolingAsyncValueTaskMethodBuilder`1.StateMachineBox`1.System.Threading.Tasks.Sources.IValueTaskSource<TResult>.GetResult(Int16 token)
   at System.Net.Http.HttpConnection.SendAsync(HttpRequestMessage request, Boolean async, CancellationToken cancellationToken)
   --- End of inner exception stack trace ---
   at System.Net.Http.HttpConnection.SendAsync(HttpRequestMessage request, Boolean async, CancellationToken cancellationToken)
   at System.Net.Http.AuthenticationHelper.SendWithNtAuthAsync(HttpRequestMessage request, Uri authUri, Boolean async, ICredentials credentials, Boolean isProxyAuth, HttpConnection connection, HttpConnectionPool connectionPool, CancellationToken cancellationToken)
   at System.Net.Http.HttpConnectionPool.SendWithVersionDetectionAndRetryAsync(HttpRequestMessage request, Boolean async, Boolean doRequestAuth, CancellationToken cancellationToken)
   at System.Net.Http.AuthenticationHelper.SendWithAuthAsync(HttpRequestMessage request, Uri authUri, Boolean async, ICredentials credentials, Boolean preAuthenticate, Boolean isProxyAuth, Boolean doRequestAuth, HttpConnectionPool pool, CancellationToken cancellationToken)
   at System.Net.Http.RedirectHandler.SendAsync(HttpRequestMessage request, Boolean async, CancellationToken cancellationToken)
   at GitHub.Services.Common.RawHttpMessageHandler.SendAsync(HttpRequestMessage request, CancellationToken cancellationToken)
   at GitHub.Services.Common.VssHttpRetryMessageHandler.SendAsync(HttpRequestMessage request, CancellationToken cancellationToken)
   at System.Net.Http.HttpClient.<SendAsync>g__Core|83_0(HttpRequestMessage request, HttpCompletionOption completionOption, CancellationTokenSource cts, Boolean disposeCts, CancellationTokenSource pendingRequestsCts, CancellationToken originalCancellationToken)
   --- End of inner exception stack trace ---
   at System.Net.Http.HttpClient.HandleFailure(Exception e, Boolean telemetryStarted, HttpResponseMessage response, CancellationTokenSource cts, CancellationToken cancellationToken, CancellationTokenSource pendingRequestsCts)
   at System.Net.Http.HttpClient.<SendAsync>g__Core|83_0(HttpRequestMessage request, HttpCompletionOption completionOption, CancellationTokenSource cts, Boolean disposeCts, CancellationTokenSource pendingRequestsCts, CancellationToken originalCancellationToken)
   at Sdk.WebApi.WebApi.RawHttpClientBase.SendAsync(HttpRequestMessage message, HttpCompletionOption completionOption, Object userState, CancellationToken cancellationToken)
   at Sdk.WebApi.WebApi.RawHttpClientBase.SendAsync[T](HttpRequestMessage message, Boolean readErrorBody, Object userState, CancellationToken cancellationToken)
   at Sdk.WebApi.WebApi.RawHttpClientBase.SendAsync[T](HttpMethod method, IEnumerable`1 additionalHeaders, Uri requestUri, HttpContent content, IEnumerable`1 queryParameters, Boolean readErrorBody, Object userState, CancellationToken cancellationToken)
   at GitHub.Actions.RunService.WebApi.BrokerHttpClient.GetRunnerMessageAsync(Nullable`1 sessionId, String runnerVersion, Nullable`1 status, String os, String architecture, Nullable`1 disableUpdate, CancellationToken cancellationToken)
   at GitHub.Runner.Common.BrokerServer.<>c__DisplayClass7_0.<<GetRunnerMessageAsync>b__0>d.MoveNext()
--- End of stack trace from previous location ---
   at GitHub.Runner.Common.RunnerService.RetryRequest[T](Func`1 func, CancellationToken cancellationToken, Int32 maxAttempts, Func`2 shouldRetry)
[2026-05-21 02:06:53Z ERR  BrokerServer] #####################################################
[2026-05-21 02:06:53Z ERR  BrokerServer] System.Threading.Tasks.TaskCanceledException: The operation was canceled.
 ---> System.IO.IOException: Unable to read data from the transport connection: スレッドの終了またはアプリケーションの要求によって、I/O 処理は中止されました。.
 ---> System.Net.Sockets.SocketException (995): スレッドの終了またはアプリケーションの要求によって、I/O 処理は中止されました。
   --- End of inner exception stack trace ---
   at System.Net.Sockets.Socket.AwaitableSocketAsyncEventArgs.ThrowException(SocketError error, CancellationToken cancellationToken)
   at System.Net.Sockets.Socket.AwaitableSocketAsyncEventArgs.System.Threading.Tasks.Sources.IValueTaskSource<System.Int32>.GetResult(Int16 token)
   at System.Net.Security.SslStream.EnsureFullTlsFrameAsync[TIOAdapter](CancellationToken cancellationToken, Int32 estimatedSize)
   at System.Runtime.CompilerServices.PoolingAsyncValueTaskMethodBuilder`1.StateMachineBox`1.System.Threading.Tasks.Sources.IValueTaskSource<TResult>.GetResult(Int16 token)
   at System.Net.Security.SslStream.ReadAsyncInternal[TIOAdapter](Memory`1 buffer, CancellationToken cancellationToken)
   at System.Runtime.CompilerServices.PoolingAsyncValueTaskMethodBuilder`1.StateMachineBox`1.System.Threading.Tasks.Sources.IValueTaskSource<TResult>.GetResult(Int16 token)
   at System.Net.Http.HttpConnection.SendAsync(HttpRequestMessage request, Boolean async, CancellationToken cancellationToken)
   --- End of inner exception stack trace ---
   at System.Net.Http.HttpConnection.SendAsync(HttpRequestMessage request, Boolean async, CancellationToken cancellationToken)
   at System.Net.Http.AuthenticationHelper.SendWithNtAuthAsync(HttpRequestMessage request, Uri authUri, Boolean async, ICredentials credentials, Boolean isProxyAuth, HttpConnection connection, HttpConnectionPool connectionPool, CancellationToken cancellationToken)
   at System.Net.Http.HttpConnectionPool.SendWithVersionDetectionAndRetryAsync(HttpRequestMessage request, Boolean async, Boolean doRequestAuth, CancellationToken cancellationToken)
   at System.Net.Http.AuthenticationHelper.SendWithAuthAsync(HttpRequestMessage request, Uri authUri, Boolean async, ICredentials credentials, Boolean preAuthenticate, Boolean isProxyAuth, Boolean doRequestAuth, HttpConnectionPool pool, CancellationToken cancellationToken)
   at System.Net.Http.RedirectHandler.SendAsync(HttpRequestMessage request, Boolean async, CancellationToken cancellationToken)
   at GitHub.Services.Common.RawHttpMessageHandler.SendAsync(HttpRequestMessage request, CancellationToken cancellationToken)
   at GitHub.Services.Common.VssHttpRetryMessageHandler.SendAsync(HttpRequestMessage request, CancellationToken cancellationToken)
   at System.Net.Http.HttpClient.<SendAsync>g__Core|83_0(HttpRequestMessage request, HttpCompletionOption completionOption, CancellationTokenSource cts, Boolean disposeCts, CancellationTokenSource pendingRequestsCts, CancellationToken originalCancellationToken)
[2026-05-21 02:06:53Z ERR  BrokerServer] #####################################################
[2026-05-21 02:06:53Z ERR  BrokerServer] System.IO.IOException: Unable to read data from the transport connection: スレッドの終了またはアプリケーションの要求によって、I/O 処理は中止されました。.
 ---> System.Net.Sockets.SocketException (995): スレッドの終了またはアプリケーションの要求によって、I/O 処理は中止されました。
   --- End of inner exception stack trace ---
   at System.Net.Sockets.Socket.AwaitableSocketAsyncEventArgs.ThrowException(SocketError error, CancellationToken cancellationToken)
   at System.Net.Sockets.Socket.AwaitableSocketAsyncEventArgs.System.Threading.Tasks.Sources.IValueTaskSource<System.Int32>.GetResult(Int16 token)
   at System.Net.Security.SslStream.EnsureFullTlsFrameAsync[TIOAdapter](CancellationToken cancellationToken, Int32 estimatedSize)
   at System.Runtime.CompilerServices.PoolingAsyncValueTaskMethodBuilder`1.StateMachineBox`1.System.Threading.Tasks.Sources.IValueTaskSource<TResult>.GetResult(Int16 token)
   at System.Net.Security.SslStream.ReadAsyncInternal[TIOAdapter](Memory`1 buffer, CancellationToken cancellationToken)
   at System.Runtime.CompilerServices.PoolingAsyncValueTaskMethodBuilder`1.StateMachineBox`1.System.Threading.Tasks.Sources.IValueTaskSource<TResult>.GetResult(Int16 token)
   at System.Net.Http.HttpConnection.SendAsync(HttpRequestMessage request, Boolean async, CancellationToken cancellationToken)
[2026-05-21 02:06:53Z ERR  BrokerServer] #####################################################
[2026-05-21 02:06:53Z ERR  BrokerServer] System.Net.Sockets.SocketException (995): スレッドの終了またはアプリケーションの要求によって、I/O 処理は中止されました。
[2026-05-21 02:06:53Z WARN BrokerServer] Back off 9.25 seconds before next retry. 4 attempt left.
[2026-05-21 02:06:53Z INFO BrokerMessageListener] Get messages has been cancelled using local token source. Continue to get messages with new status.
[2026-05-21 02:18:07Z WARN GitHubActionsService] GET request to https://broker.actions.githubusercontent.com/message?sessionId=dc560954-df41-4528-b7af-2bf211f652d5&status=Online&runnerVersion=2.334.0&os=Windows&architecture=X64&disableUpdate=false timed out after 100 seconds.
[2026-05-21 02:18:07Z ERR  BrokerServer] Catch exception during request
[2026-05-21 02:18:07Z ERR  BrokerServer] System.TimeoutException: The HTTP request timed out after 00:01:40.
 ---> System.Threading.Tasks.TaskCanceledException: The operation was canceled.
 ---> System.IO.IOException: Unable to read data from the transport connection: スレッドの終了またはアプリケーションの要求によって、I/O 処理は中止されました。.
 ---> System.Net.Sockets.SocketException (995): スレッドの終了またはアプリケーションの要求によって、I/O 処理は中止されました。
   --- End of inner exception stack trace ---
   at System.Net.Sockets.Socket.AwaitableSocketAsyncEventArgs.ThrowException(SocketError error, CancellationToken cancellationToken)
   at System.Net.Sockets.Socket.AwaitableSocketAsyncEventArgs.System.Threading.Tasks.Sources.IValueTaskSource<System.Int32>.GetResult(Int16 token)
   at System.Net.Security.SslStream.EnsureFullTlsFrameAsync[TIOAdapter](CancellationToken cancellationToken, Int32 estimatedSize)
   at System.Runtime.CompilerServices.PoolingAsyncValueTaskMethodBuilder`1.StateMachineBox`1.System.Threading.Tasks.Sources.IValueTaskSource<TResult>.GetResult(Int16 token)
   at System.Net.Security.SslStream.ReadAsyncInternal[TIOAdapter](Memory`1 buffer, CancellationToken cancellationToken)
   at System.Runtime.CompilerServices.PoolingAsyncValueTaskMethodBuilder`1.StateMachineBox`1.System.Threading.Tasks.Sources.IValueTaskSource<TResult>.GetResult(Int16 token)
   at System.Net.Http.HttpConnection.SendAsync(HttpRequestMessage request, Boolean async, CancellationToken cancellationToken)
   --- End of inner exception stack trace ---
   at System.Net.Http.HttpConnection.SendAsync(HttpRequestMessage request, Boolean async, CancellationToken cancellationToken)
   at System.Net.Http.AuthenticationHelper.SendWithNtAuthAsync(HttpRequestMessage request, Uri authUri, Boolean async, ICredentials credentials, Boolean isProxyAuth, HttpConnection connection, HttpConnectionPool connectionPool, CancellationToken cancellationToken)
   at System.Net.Http.HttpConnectionPool.SendWithVersionDetectionAndRetryAsync(HttpRequestMessage request, Boolean async, Boolean doRequestAuth, CancellationToken cancellationToken)
   at System.Net.Http.AuthenticationHelper.SendWithAuthAsync(HttpRequestMessage request, Uri authUri, Boolean async, ICredentials credentials, Boolean preAuthenticate, Boolean isProxyAuth, Boolean doRequestAuth, HttpConnectionPool pool, CancellationToken cancellationToken)
   at System.Net.Http.RedirectHandler.SendAsync(HttpRequestMessage request, Boolean async, CancellationToken cancellationToken)
   at GitHub.Services.Common.RawHttpMessageHandler.SendAsync(HttpRequestMessage request, CancellationToken cancellationToken)
   --- End of inner exception stack trace ---
   at GitHub.Services.Common.RawHttpMessageHandler.SendAsync(HttpRequestMessage request, CancellationToken cancellationToken)
   at GitHub.Services.Common.VssHttpRetryMessageHandler.SendAsync(HttpRequestMessage request, CancellationToken cancellationToken)
   at System.Net.Http.HttpClient.<SendAsync>g__Core|83_0(HttpRequestMessage request, HttpCompletionOption completionOption, CancellationTokenSource cts, Boolean disposeCts, CancellationTokenSource pendingRequestsCts, CancellationToken originalCancellationToken)
   at Sdk.WebApi.WebApi.RawHttpClientBase.SendAsync(HttpRequestMessage message, HttpCompletionOption completionOption, Object userState, CancellationToken cancellationToken)
   at Sdk.WebApi.WebApi.RawHttpClientBase.SendAsync[T](HttpRequestMessage message, Boolean readErrorBody, Object userState, CancellationToken cancellationToken)
   at Sdk.WebApi.WebApi.RawHttpClientBase.SendAsync[T](HttpMethod method, IEnumerable`1 additionalHeaders, Uri requestUri, HttpContent content, IEnumerable`1 queryParameters, Boolean readErrorBody, Object userState, CancellationToken cancellationToken)
   at GitHub.Actions.RunService.WebApi.BrokerHttpClient.GetRunnerMessageAsync(Nullable`1 sessionId, String runnerVersion, Nullable`1 status, String os, String architecture, Nullable`1 disableUpdate, CancellationToken cancellationToken)
   at GitHub.Runner.Common.BrokerServer.<>c__DisplayClass7_0.<<GetRunnerMessageAsync>b__0>d.MoveNext()
--- End of stack trace from previous location ---
   at GitHub.Runner.Common.RunnerService.RetryRequest[T](Func`1 func, CancellationToken cancellationToken, Int32 maxAttempts, Func`2 shouldRetry)
[2026-05-21 02:18:07Z ERR  BrokerServer] #####################################################
[2026-05-21 02:18:07Z ERR  BrokerServer] System.Threading.Tasks.TaskCanceledException: The operation was canceled.
 ---> System.IO.IOException: Unable to read data from the transport connection: スレッドの終了またはアプリケーションの要求によって、I/O 処理は中止されました。.
 ---> System.Net.Sockets.SocketException (995): スレッドの終了またはアプリケーションの要求によって、I/O 処理は中止されました。
   --- End of inner exception stack trace ---
   at System.Net.Sockets.Socket.AwaitableSocketAsyncEventArgs.ThrowException(SocketError error, CancellationToken cancellationToken)
   at System.Net.Sockets.Socket.AwaitableSocketAsyncEventArgs.System.Threading.Tasks.Sources.IValueTaskSource<System.Int32>.GetResult(Int16 token)
   at System.Net.Security.SslStream.EnsureFullTlsFrameAsync[TIOAdapter](CancellationToken cancellationToken, Int32 estimatedSize)
   at System.Runtime.CompilerServices.PoolingAsyncValueTaskMethodBuilder`1.StateMachineBox`1.System.Threading.Tasks.Sources.IValueTaskSource<TResult>.GetResult(Int16 token)
   at System.Net.Security.SslStream.ReadAsyncInternal[TIOAdapter](Memory`1 buffer, CancellationToken cancellationToken)
   at System.Runtime.CompilerServices.PoolingAsyncValueTaskMethodBuilder`1.StateMachineBox`1.System.Threading.Tasks.Sources.IValueTaskSource<TResult>.GetResult(Int16 token)
   at System.Net.Http.HttpConnection.SendAsync(HttpRequestMessage request, Boolean async, CancellationToken cancellationToken)
   --- End of inner exception stack trace ---
   at System.Net.Http.HttpConnection.SendAsync(HttpRequestMessage request, Boolean async, CancellationToken cancellationToken)
   at System.Net.Http.AuthenticationHelper.SendWithNtAuthAsync(HttpRequestMessage request, Uri authUri, Boolean async, ICredentials credentials, Boolean isProxyAuth, HttpConnection connection, HttpConnectionPool connectionPool, CancellationToken cancellationToken)
   at System.Net.Http.HttpConnectionPool.SendWithVersionDetectionAndRetryAsync(HttpRequestMessage request, Boolean async, Boolean doRequestAuth, CancellationToken cancellationToken)
   at System.Net.Http.AuthenticationHelper.SendWithAuthAsync(HttpRequestMessage request, Uri authUri, Boolean async, ICredentials credentials, Boolean preAuthenticate, Boolean isProxyAuth, Boolean doRequestAuth, HttpConnectionPool pool, CancellationToken cancellationToken)
   at System.Net.Http.RedirectHandler.SendAsync(HttpRequestMessage request, Boolean async, CancellationToken cancellationToken)
   at GitHub.Services.Common.RawHttpMessageHandler.SendAsync(HttpRequestMessage request, CancellationToken cancellationToken)
[2026-05-21 02:18:07Z ERR  BrokerServer] #####################################################
[2026-05-21 02:18:07Z ERR  BrokerServer] System.IO.IOException: Unable to read data from the transport connection: スレッドの終了またはアプリケーションの要求によって、I/O 処理は中止されました。.
 ---> System.Net.Sockets.SocketException (995): スレッドの終了またはアプリケーションの要求によって、I/O 処理は中止されました。
   --- End of inner exception stack trace ---
   at System.Net.Sockets.Socket.AwaitableSocketAsyncEventArgs.ThrowException(SocketError error, CancellationToken cancellationToken)
   at System.Net.Sockets.Socket.AwaitableSocketAsyncEventArgs.System.Threading.Tasks.Sources.IValueTaskSource<System.Int32>.GetResult(Int16 token)
   at System.Net.Security.SslStream.EnsureFullTlsFrameAsync[TIOAdapter](CancellationToken cancellationToken, Int32 estimatedSize)
   at System.Runtime.CompilerServices.PoolingAsyncValueTaskMethodBuilder`1.StateMachineBox`1.System.Threading.Tasks.Sources.IValueTaskSource<TResult>.GetResult(Int16 token)
   at System.Net.Security.SslStream.ReadAsyncInternal[TIOAdapter](Memory`1 buffer, CancellationToken cancellationToken)
   at System.Runtime.CompilerServices.PoolingAsyncValueTaskMethodBuilder`1.StateMachineBox`1.System.Threading.Tasks.Sources.IValueTaskSource<TResult>.GetResult(Int16 token)
   at System.Net.Http.HttpConnection.SendAsync(HttpRequestMessage request, Boolean async, CancellationToken cancellationToken)
[2026-05-21 02:18:07Z ERR  BrokerServer] #####################################################
[2026-05-21 02:18:07Z ERR  BrokerServer] System.Net.Sockets.SocketException (995): スレッドの終了またはアプリケーションの要求によって、I/O 処理は中止されました。
[2026-05-21 02:18:07Z WARN BrokerServer] Back off 7.743 seconds before next retry. 4 attempt left.
[2026-05-21 02:22:42Z INFO HostContext] Runner will be shutdown for UserCancelled
[2026-05-21 02:22:42Z WARN GitHubActionsService] GET request to https://broker.actions.githubusercontent.com/message?sessionId=dc560954-df41-4528-b7af-2bf211f652d5&status=Online&runnerVersion=2.334.0&os=Windows&architecture=X64&disableUpdate=false has been cancelled.
[2026-05-21 02:22:42Z ERR  BrokerServer] Catch exception during request
[2026-05-21 02:22:42Z ERR  BrokerServer] System.Threading.Tasks.TaskCanceledException: The operation was canceled.
 ---> System.Threading.Tasks.TaskCanceledException: The operation was canceled.
 ---> System.IO.IOException: Unable to read data from the transport connection: スレッドの終了またはアプリケーションの要求によって、I/O 処理は中止されました。.
 ---> System.Net.Sockets.SocketException (995): スレッドの終了またはアプリケーションの要求によって、I/O 処理は中止されました。
   --- End of inner exception stack trace ---
   at System.Net.Sockets.Socket.AwaitableSocketAsyncEventArgs.ThrowException(SocketError error, CancellationToken cancellationToken)
   at System.Net.Sockets.Socket.AwaitableSocketAsyncEventArgs.System.Threading.Tasks.Sources.IValueTaskSource<System.Int32>.GetResult(Int16 token)
   at System.Net.Security.SslStream.EnsureFullTlsFrameAsync[TIOAdapter](CancellationToken cancellationToken, Int32 estimatedSize)
   at System.Runtime.CompilerServices.PoolingAsyncValueTaskMethodBuilder`1.StateMachineBox`1.System.Threading.Tasks.Sources.IValueTaskSource<TResult>.GetResult(Int16 token)
   at System.Net.Security.SslStream.ReadAsyncInternal[TIOAdapter](Memory`1 buffer, CancellationToken cancellationToken)
   at System.Runtime.CompilerServices.PoolingAsyncValueTaskMethodBuilder`1.StateMachineBox`1.System.Threading.Tasks.Sources.IValueTaskSource<TResult>.GetResult(Int16 token)
   at System.Net.Http.HttpConnection.SendAsync(HttpRequestMessage request, Boolean async, CancellationToken cancellationToken)
   --- End of inner exception stack trace ---
   at System.Net.Http.HttpConnection.SendAsync(HttpRequestMessage request, Boolean async, CancellationToken cancellationToken)
   at System.Net.Http.AuthenticationHelper.SendWithNtAuthAsync(HttpRequestMessage request, Uri authUri, Boolean async, ICredentials credentials, Boolean isProxyAuth, HttpConnection connection, HttpConnectionPool connectionPool, CancellationToken cancellationToken)
   at System.Net.Http.HttpConnectionPool.SendWithVersionDetectionAndRetryAsync(HttpRequestMessage request, Boolean async, Boolean doRequestAuth, CancellationToken cancellationToken)
   at System.Net.Http.AuthenticationHelper.SendWithAuthAsync(HttpRequestMessage request, Uri authUri, Boolean async, ICredentials credentials, Boolean preAuthenticate, Boolean isProxyAuth, Boolean doRequestAuth, HttpConnectionPool pool, CancellationToken cancellationToken)
   at System.Net.Http.RedirectHandler.SendAsync(HttpRequestMessage request, Boolean async, CancellationToken cancellationToken)
   at GitHub.Services.Common.RawHttpMessageHandler.SendAsync(HttpRequestMessage request, CancellationToken cancellationToken)
   at GitHub.Services.Common.VssHttpRetryMessageHandler.SendAsync(HttpRequestMessage request, CancellationToken cancellationToken)
   at System.Net.Http.HttpClient.<SendAsync>g__Core|83_0(HttpRequestMessage request, HttpCompletionOption completionOption, CancellationTokenSource cts, Boolean disposeCts, CancellationTokenSource pendingRequestsCts, CancellationToken originalCancellationToken)
   --- End of inner exception stack trace ---
   at System.Net.Http.HttpClient.HandleFailure(Exception e, Boolean telemetryStarted, HttpResponseMessage response, CancellationTokenSource cts, CancellationToken cancellationToken, CancellationTokenSource pendingRequestsCts)
   at System.Net.Http.HttpClient.<SendAsync>g__Core|83_0(HttpRequestMessage request, HttpCompletionOption completionOption, CancellationTokenSource cts, Boolean disposeCts, CancellationTokenSource pendingRequestsCts, CancellationToken originalCancellationToken)
   at Sdk.WebApi.WebApi.RawHttpClientBase.SendAsync(HttpRequestMessage message, HttpCompletionOption completionOption, Object userState, CancellationToken cancellationToken)
   at Sdk.WebApi.WebApi.RawHttpClientBase.SendAsync[T](HttpRequestMessage message, Boolean readErrorBody, Object userState, CancellationToken cancellationToken)
   at Sdk.WebApi.WebApi.RawHttpClientBase.SendAsync[T](HttpMethod method, IEnumerable`1 additionalHeaders, Uri requestUri, HttpContent content, IEnumerable`1 queryParameters, Boolean readErrorBody, Object userState, CancellationToken cancellationToken)
   at GitHub.Actions.RunService.WebApi.BrokerHttpClient.GetRunnerMessageAsync(Nullable`1 sessionId, String runnerVersion, Nullable`1 status, String os, String architecture, Nullable`1 disableUpdate, CancellationToken cancellationToken)
   at GitHub.Runner.Common.BrokerServer.<>c__DisplayClass7_0.<<GetRunnerMessageAsync>b__0>d.MoveNext()
--- End of stack trace from previous location ---
   at GitHub.Runner.Common.RunnerService.RetryRequest[T](Func`1 func, CancellationToken cancellationToken, Int32 maxAttempts, Func`2 shouldRetry)
[2026-05-21 02:22:42Z ERR  BrokerServer] #####################################################
[2026-05-21 02:22:42Z ERR  BrokerServer] System.Threading.Tasks.TaskCanceledException: The operation was canceled.
 ---> System.IO.IOException: Unable to read data from the transport connection: スレッドの終了またはアプリケーションの要求によって、I/O 処理は中止されました。.
 ---> System.Net.Sockets.SocketException (995): スレッドの終了またはアプリケーションの要求によって、I/O 処理は中止されました。
   --- End of inner exception stack trace ---
   at System.Net.Sockets.Socket.AwaitableSocketAsyncEventArgs.ThrowException(SocketError error, CancellationToken cancellationToken)
   at System.Net.Sockets.Socket.AwaitableSocketAsyncEventArgs.System.Threading.Tasks.Sources.IValueTaskSource<System.Int32>.GetResult(Int16 token)
   at System.Net.Security.SslStream.EnsureFullTlsFrameAsync[TIOAdapter](CancellationToken cancellationToken, Int32 estimatedSize)
   at System.Runtime.CompilerServices.PoolingAsyncValueTaskMethodBuilder`1.StateMachineBox`1.System.Threading.Tasks.Sources.IValueTaskSource<TResult>.GetResult(Int16 token)
   at System.Net.Security.SslStream.ReadAsyncInternal[TIOAdapter](Memory`1 buffer, CancellationToken cancellationToken)
   at System.Runtime.CompilerServices.PoolingAsyncValueTaskMethodBuilder`1.StateMachineBox`1.System.Threading.Tasks.Sources.IValueTaskSource<TResult>.GetResult(Int16 token)
   at System.Net.Http.HttpConnection.SendAsync(HttpRequestMessage request, Boolean async, CancellationToken cancellationToken)
   --- End of inner exception stack trace ---
   at System.Net.Http.HttpConnection.SendAsync(HttpRequestMessage request, Boolean async, CancellationToken cancellationToken)
   at System.Net.Http.AuthenticationHelper.SendWithNtAuthAsync(HttpRequestMessage request, Uri authUri, Boolean async, ICredentials credentials, Boolean isProxyAuth, HttpConnection connection, HttpConnectionPool connectionPool, CancellationToken cancellationToken)
   at System.Net.Http.HttpConnectionPool.SendWithVersionDetectionAndRetryAsync(HttpRequestMessage request, Boolean async, Boolean doRequestAuth, CancellationToken cancellationToken)
   at System.Net.Http.AuthenticationHelper.SendWithAuthAsync(HttpRequestMessage request, Uri authUri, Boolean async, ICredentials credentials, Boolean preAuthenticate, Boolean isProxyAuth, Boolean doRequestAuth, HttpConnectionPool pool, CancellationToken cancellationToken)
   at System.Net.Http.RedirectHandler.SendAsync(HttpRequestMessage request, Boolean async, CancellationToken cancellationToken)
   at GitHub.Services.Common.RawHttpMessageHandler.SendAsync(HttpRequestMessage request, CancellationToken cancellationToken)
   at GitHub.Services.Common.VssHttpRetryMessageHandler.SendAsync(HttpRequestMessage request, CancellationToken cancellationToken)
   at System.Net.Http.HttpClient.<SendAsync>g__Core|83_0(HttpRequestMessage request, HttpCompletionOption completionOption, CancellationTokenSource cts, Boolean disposeCts, CancellationTokenSource pendingRequestsCts, CancellationToken originalCancellationToken)
[2026-05-21 02:22:42Z ERR  BrokerServer] #####################################################
[2026-05-21 02:22:42Z ERR  BrokerServer] System.IO.IOException: Unable to read data from the transport connection: スレッドの終了またはアプリケーションの要求によって、I/O 処理は中止されました。.
 ---> System.Net.Sockets.SocketException (995): スレッドの終了またはアプリケーションの要求によって、I/O 処理は中止されました。
   --- End of inner exception stack trace ---
   at System.Net.Sockets.Socket.AwaitableSocketAsyncEventArgs.ThrowException(SocketError error, CancellationToken cancellationToken)
   at System.Net.Sockets.Socket.AwaitableSocketAsyncEventArgs.System.Threading.Tasks.Sources.IValueTaskSource<System.Int32>.GetResult(Int16 token)
   at System.Net.Security.SslStream.EnsureFullTlsFrameAsync[TIOAdapter](CancellationToken cancellationToken, Int32 estimatedSize)
   at System.Runtime.CompilerServices.PoolingAsyncValueTaskMethodBuilder`1.StateMachineBox`1.System.Threading.Tasks.Sources.IValueTaskSource<TResult>.GetResult(Int16 token)
   at System.Net.Security.SslStream.ReadAsyncInternal[TIOAdapter](Memory`1 buffer, CancellationToken cancellationToken)
   at System.Runtime.CompilerServices.PoolingAsyncValueTaskMethodBuilder`1.StateMachineBox`1.System.Threading.Tasks.Sources.IValueTaskSource<TResult>.GetResult(Int16 token)
   at System.Net.Http.HttpConnection.SendAsync(HttpRequestMessage request, Boolean async, CancellationToken cancellationToken)
[2026-05-21 02:22:42Z ERR  BrokerServer] #####################################################
[2026-05-21 02:22:42Z ERR  BrokerServer] System.Net.Sockets.SocketException (995): スレッドの終了またはアプリケーションの要求によって、I/O 処理は中止されました。
[2026-05-21 02:22:42Z WARN BrokerServer] Back off 6.285 seconds before next retry. 4 attempt left.
[2026-05-21 02:22:42Z INFO BrokerMessageListener] Get next message has been cancelled.
[2026-05-21 02:22:42Z INFO JobDispatcher] Shutting down JobDispatcher. Make sure all WorkerDispatcher has finished.
[2026-05-21 02:22:42Z INFO JobDispatcher] Ensure WorkerDispatcher for job bd73b8d5-a66d-58ec-9af2-1164aefca3c0 run to finish, cancel any running job.
[2026-05-21 02:22:42Z INFO JobDispatcher] Job request bd73b8d5-a66d-58ec-9af2-1164aefca3c0 processed succeed.
[2026-05-21 02:22:42Z INFO Runner] Deleting Runner Session...
[2026-05-21 02:22:42Z INFO Listener] Runner execution been cancelled.
