[2026-05-21 05:39:05Z INFO HostContext] No proxy settings were found based on environmental variables (http_proxy/https_proxy/HTTP_PROXY/HTTPS_PROXY)
[2026-05-21 05:39:05Z INFO HostContext] Well known directory 'Bin': 'C:\Users\matisse\Desktop\docker-simple-cicd-demo\actions-runner\bin'
[2026-05-21 05:39:05Z INFO HostContext] Well known directory 'Root': 'C:\Users\matisse\Desktop\docker-simple-cicd-demo\actions-runner'
[2026-05-21 05:39:05Z INFO HostContext] Well known config file 'Credentials': 'C:\Users\matisse\Desktop\docker-simple-cicd-demo\actions-runner\.credentials'
[2026-05-21 05:39:05Z INFO HostContext] Well known directory 'Bin': 'C:\Users\matisse\Desktop\docker-simple-cicd-demo\actions-runner\bin'
[2026-05-21 05:39:05Z INFO HostContext] Well known directory 'Root': 'C:\Users\matisse\Desktop\docker-simple-cicd-demo\actions-runner'
[2026-05-21 05:39:05Z INFO HostContext] Well known config file 'Runner': 'C:\Users\matisse\Desktop\docker-simple-cicd-demo\actions-runner\.runner'
[2026-05-21 05:39:05Z INFO Listener] Runner is built for Windows (X64) - win-x64.
[2026-05-21 05:39:05Z INFO Listener] RuntimeInformation: Microsoft Windows 10.0.26200.
[2026-05-21 05:39:05Z INFO Listener] Version: 2.334.0
[2026-05-21 05:39:05Z INFO Listener] Commit: f1995ede5d885c997d13d8eca5467c4ce97fe69c
[2026-05-21 05:39:05Z INFO Listener] Culture: ja-JP
[2026-05-21 05:39:05Z INFO Listener] UI Culture: ja-JP
[2026-05-21 05:39:05Z INFO HostContext] Well known directory 'Bin': 'C:\Users\matisse\Desktop\docker-simple-cicd-demo\actions-runner\bin'
[2026-05-21 05:39:05Z INFO HostContext] Well known directory 'Root': 'C:\Users\matisse\Desktop\docker-simple-cicd-demo\actions-runner'
[2026-05-21 05:39:05Z INFO Listener] Validating directory permissions for: 'C:\Users\matisse\Desktop\docker-simple-cicd-demo\actions-runner'
[2026-05-21 05:39:05Z INFO CommandLineParser] Parse
[2026-05-21 05:39:05Z INFO CommandLineParser] Parsing 1 args
[2026-05-21 05:39:05Z INFO CommandLineParser] parsing argument
[2026-05-21 05:39:05Z INFO CommandLineParser] HasArgs: False
[2026-05-21 05:39:05Z INFO CommandLineParser] Adding Command: run
[2026-05-21 05:39:05Z INFO Listener] Arguments parsed
[2026-05-21 05:39:05Z INFO Runner] ExecuteCommand
[2026-05-21 05:39:05Z INFO ConfigurationStore] currentAssemblyLocation: C:\Users\matisse\Desktop\docker-simple-cicd-demo\actions-runner\bin\Runner.Listener.dll
[2026-05-21 05:39:05Z INFO HostContext] Well known directory 'Bin': 'C:\Users\matisse\Desktop\docker-simple-cicd-demo\actions-runner\bin'
[2026-05-21 05:39:05Z INFO ConfigurationStore] binPath: C:\Users\matisse\Desktop\docker-simple-cicd-demo\actions-runner\bin
[2026-05-21 05:39:05Z INFO HostContext] Well known directory 'Bin': 'C:\Users\matisse\Desktop\docker-simple-cicd-demo\actions-runner\bin'
[2026-05-21 05:39:05Z INFO HostContext] Well known directory 'Root': 'C:\Users\matisse\Desktop\docker-simple-cicd-demo\actions-runner'
[2026-05-21 05:39:05Z INFO ConfigurationStore] RootFolder: C:\Users\matisse\Desktop\docker-simple-cicd-demo\actions-runner
[2026-05-21 05:39:05Z INFO HostContext] Well known directory 'Bin': 'C:\Users\matisse\Desktop\docker-simple-cicd-demo\actions-runner\bin'
[2026-05-21 05:39:05Z INFO HostContext] Well known directory 'Root': 'C:\Users\matisse\Desktop\docker-simple-cicd-demo\actions-runner'
[2026-05-21 05:39:05Z INFO HostContext] Well known config file 'Runner': 'C:\Users\matisse\Desktop\docker-simple-cicd-demo\actions-runner\.runner'
[2026-05-21 05:39:05Z INFO ConfigurationStore] ConfigFilePath: C:\Users\matisse\Desktop\docker-simple-cicd-demo\actions-runner\.runner
[2026-05-21 05:39:05Z INFO HostContext] Well known directory 'Bin': 'C:\Users\matisse\Desktop\docker-simple-cicd-demo\actions-runner\bin'
[2026-05-21 05:39:05Z INFO HostContext] Well known directory 'Root': 'C:\Users\matisse\Desktop\docker-simple-cicd-demo\actions-runner'
[2026-05-21 05:39:05Z INFO HostContext] Well known config file 'MigratedRunner': 'C:\Users\matisse\Desktop\docker-simple-cicd-demo\actions-runner\.runner_migrated'
[2026-05-21 05:39:05Z INFO ConfigurationStore] MigratedConfigFilePath: C:\Users\matisse\Desktop\docker-simple-cicd-demo\actions-runner\.runner_migrated
[2026-05-21 05:39:05Z INFO HostContext] Well known directory 'Bin': 'C:\Users\matisse\Desktop\docker-simple-cicd-demo\actions-runner\bin'
[2026-05-21 05:39:05Z INFO HostContext] Well known directory 'Root': 'C:\Users\matisse\Desktop\docker-simple-cicd-demo\actions-runner'
[2026-05-21 05:39:05Z INFO HostContext] Well known config file 'Credentials': 'C:\Users\matisse\Desktop\docker-simple-cicd-demo\actions-runner\.credentials'
[2026-05-21 05:39:05Z INFO ConfigurationStore] CredFilePath: C:\Users\matisse\Desktop\docker-simple-cicd-demo\actions-runner\.credentials
[2026-05-21 05:39:05Z INFO HostContext] Well known directory 'Bin': 'C:\Users\matisse\Desktop\docker-simple-cicd-demo\actions-runner\bin'
[2026-05-21 05:39:05Z INFO HostContext] Well known directory 'Root': 'C:\Users\matisse\Desktop\docker-simple-cicd-demo\actions-runner'
[2026-05-21 05:39:05Z INFO HostContext] Well known config file 'MigratedCredentials': 'C:\Users\matisse\Desktop\docker-simple-cicd-demo\actions-runner\.credentials_migrated'
[2026-05-21 05:39:05Z INFO ConfigurationStore] MigratedCredFilePath: C:\Users\matisse\Desktop\docker-simple-cicd-demo\actions-runner\.credentials_migrated
[2026-05-21 05:39:05Z INFO HostContext] Well known directory 'Bin': 'C:\Users\matisse\Desktop\docker-simple-cicd-demo\actions-runner\bin'
[2026-05-21 05:39:05Z INFO HostContext] Well known directory 'Root': 'C:\Users\matisse\Desktop\docker-simple-cicd-demo\actions-runner'
[2026-05-21 05:39:05Z INFO HostContext] Well known config file 'Service': 'C:\Users\matisse\Desktop\docker-simple-cicd-demo\actions-runner\.service'
[2026-05-21 05:39:05Z INFO ConfigurationStore] ServiceConfigFilePath: C:\Users\matisse\Desktop\docker-simple-cicd-demo\actions-runner\.service
[2026-05-21 05:39:05Z INFO CommandSettings] Flag 'help': 'False'
[2026-05-21 05:39:05Z INFO CommandSettings] Flag 'version': 'False'
[2026-05-21 05:39:05Z INFO CommandSettings] Flag 'commit': 'False'
[2026-05-21 05:39:05Z INFO CommandSettings] Flag 'check': 'False'
[2026-05-21 05:39:05Z INFO CommandSettings] Command 'configure': 'False'
[2026-05-21 05:39:05Z INFO CommandSettings] Command 'remove': 'False'
[2026-05-21 05:39:05Z INFO CommandSettings] Command 'warmup': 'False'
[2026-05-21 05:39:05Z INFO ConfigurationManager] LoadSettings
[2026-05-21 05:39:05Z INFO ConfigurationStore] IsConfigured()
[2026-05-21 05:39:05Z INFO ConfigurationStore] IsConfigured: True
[2026-05-21 05:39:05Z INFO ConfigurationManager] Is configured: True
[2026-05-21 05:39:05Z INFO ConfigurationStore] Read setting file: 453 chars
[2026-05-21 05:39:05Z INFO ConfigurationManager] Settings Loaded
[2026-05-21 05:39:05Z INFO ConfigurationStore] IsServiceConfigured()
[2026-05-21 05:39:05Z INFO ConfigurationStore] IsServiceConfigured: False
[2026-05-21 05:39:05Z INFO CommandSettings] Command 'run': 'True'
[2026-05-21 05:39:05Z INFO ConfigurationStore] IsConfigured()
[2026-05-21 05:39:05Z INFO ConfigurationStore] IsConfigured: True
[2026-05-21 05:39:05Z INFO ConfigurationManager] Is configured: True
[2026-05-21 05:39:05Z INFO Runner] Could not parse the argument value '' for StartupType. Defaulting to Manual
[2026-05-21 05:39:05Z INFO Runner] Set runner startup type - Manual
[2026-05-21 05:39:05Z INFO CommandSettings] Flag 'once': 'False'
[2026-05-21 05:39:05Z INFO CommandSettings] Flag 'once': 'False'
[2026-05-21 05:39:05Z INFO Runner] RunAsync
[2026-05-21 05:39:05Z INFO HostContext] Well known directory 'Bin': 'C:\Users\matisse\Desktop\docker-simple-cicd-demo\actions-runner\bin'
[2026-05-21 05:39:05Z INFO HostContext] Well known directory 'Root': 'C:\Users\matisse\Desktop\docker-simple-cicd-demo\actions-runner'
[2026-05-21 05:39:05Z INFO HostContext] Well known directory 'Work': 'C:\Users\matisse\Desktop\actions-work'
[2026-05-21 05:39:05Z INFO Runner] Validating directory permissions for: 'C:\Users\matisse\Desktop\actions-work'
[2026-05-21 05:39:05Z INFO ConfigurationManager] LoadMigratedSettings
[2026-05-21 05:39:05Z INFO ConfigurationStore] IsMigratedConfigured()
[2026-05-21 05:39:05Z INFO ConfigurationStore] IsMigratedConfigured: False
[2026-05-21 05:39:05Z INFO Runner] Failed to load migrated settings: No migrated configuration found.
[2026-05-21 05:39:05Z INFO Runner] Falling back to original .runner settings
[2026-05-21 05:39:05Z INFO Runner] Using BrokerMessageListener
[2026-05-21 05:39:05Z INFO BrokerMessageListener] Using provided settings
[2026-05-21 05:39:05Z INFO BrokerMessageListener] {
  "AgentId": 22,
  "AgentName": "DESKTOP-NM4ID62",
  "PoolId": 1,
  "PoolName": "Default",
  "ServerUrl": "https://pipelinesghubeus9.actions.githubusercontent.com/rUBOJHrlkELmj5pV8YbuH7McXaNIRpV3mhlooBPd2S3aXD9CY7/",
  "GitHubUrl": "https://github.com/rui0302-sasaki/docker-simple-cicd-demo",
  "WorkFolder": "C:\\Users\\matisse\\Desktop\\actions-work",
  "UseV2Flow": true,
  "ServerUrlV2": "https://broker.actions.githubusercontent.com/"
}
[2026-05-21 05:39:05Z INFO BrokerMessageListener] Loading Credentials
[2026-05-21 05:39:05Z INFO ConfigurationStore] HasCredentials()
[2026-05-21 05:39:05Z INFO ConfigurationStore] stored True
[2026-05-21 05:39:05Z INFO CredentialManager] GetCredentialProvider
[2026-05-21 05:39:05Z INFO CredentialManager] Creating type OAuth
[2026-05-21 05:39:05Z INFO CredentialManager] Creating credential type: OAuth
[2026-05-21 05:39:05Z INFO HostContext] Well known directory 'Bin': 'C:\Users\matisse\Desktop\docker-simple-cicd-demo\actions-runner\bin'
[2026-05-21 05:39:05Z INFO HostContext] Well known directory 'Root': 'C:\Users\matisse\Desktop\docker-simple-cicd-demo\actions-runner'
[2026-05-21 05:39:05Z INFO HostContext] Well known config file 'RSACredentials': 'C:\Users\matisse\Desktop\docker-simple-cicd-demo\actions-runner\.credentials_rsaparams'
[2026-05-21 05:39:05Z INFO RSAEncryptedFileKeyManager] Loading RSA key parameters from file C:\Users\matisse\Desktop\docker-simple-cicd-demo\actions-runner\.credentials_rsaparams
[2026-05-21 05:39:05Z INFO BrokerMessageListener] Attempt to create session.
[2026-05-21 05:39:05Z INFO BrokerMessageListener] Connecting to the Broker Server...
[2026-05-21 05:39:05Z INFO ConfigurationStore] HasCredentials()
[2026-05-21 05:39:05Z INFO ConfigurationStore] stored True
[2026-05-21 05:39:05Z INFO CredentialManager] GetCredentialProvider
[2026-05-21 05:39:05Z INFO CredentialManager] Creating type OAuth
[2026-05-21 05:39:05Z INFO CredentialManager] Creating credential type: OAuth
[2026-05-21 05:39:05Z INFO RSAEncryptedFileKeyManager] Loading RSA key parameters from file C:\Users\matisse\Desktop\docker-simple-cicd-demo\actions-runner\.credentials_rsaparams
[2026-05-21 05:39:05Z INFO BrokerMessageListener] VssConnection created
[2026-05-21 05:39:05Z INFO BrokerMessageListener] Connecting to the Runner server...
[2026-05-21 05:39:05Z INFO RunnerServer] EstablishVssConnection
[2026-05-21 05:39:05Z INFO RunnerServer] Establish connection with 100 seconds timeout.
[2026-05-21 05:39:05Z INFO GitHubActionsService] Starting operation Location.GetConnectionData
[2026-05-21 05:39:05Z INFO RunnerServer] EstablishVssConnection
[2026-05-21 05:39:05Z INFO RunnerServer] Establish connection with 60 seconds timeout.
[2026-05-21 05:39:05Z INFO GitHubActionsService] Starting operation Location.GetConnectionData
[2026-05-21 05:39:05Z INFO RunnerServer] EstablishVssConnection
[2026-05-21 05:39:05Z INFO RunnerServer] Establish connection with 60 seconds timeout.
[2026-05-21 05:39:05Z INFO GitHubActionsService] Starting operation Location.GetConnectionData
[2026-05-21 05:39:06Z INFO GitHubActionsService] Finished operation Location.GetConnectionData
[2026-05-21 05:39:06Z INFO GitHubActionsService] Finished operation Location.GetConnectionData
[2026-05-21 05:39:06Z INFO GitHubActionsService] Finished operation Location.GetConnectionData
[2026-05-21 05:39:06Z INFO BrokerMessageListener] VssConnection created
[2026-05-21 05:39:06Z INFO Terminal] WRITE LINE: 
[2026-05-21 05:39:06Z INFO Terminal] WRITE LINE: 
[2026-05-21 05:39:06Z INFO RSAEncryptedFileKeyManager] Loading RSA key parameters from file C:\Users\matisse\Desktop\docker-simple-cicd-demo\actions-runner\.credentials_rsaparams
[2026-05-21 05:39:06Z INFO RSAEncryptedFileKeyManager] Loading RSA key parameters from file C:\Users\matisse\Desktop\docker-simple-cicd-demo\actions-runner\.credentials_rsaparams
[2026-05-21 05:39:07Z INFO GitHubActionsService] AAD Correlation ID for this token request: Unknown
[2026-05-21 05:39:08Z INFO BrokerMessageListener] Session created.
[2026-05-21 05:39:08Z INFO Terminal] WRITE LINE: Current runner version: '2.334.0'
[2026-05-21 05:39:08Z INFO Terminal] WRITE LINE: 2026-05-21 05:39:08Z: Listening for Jobs
[2026-05-21 05:39:08Z INFO JobDispatcher] Set runner/worker IPC timeout to 30 seconds.
[2026-05-21 05:39:08Z INFO BrokerMessageListener] Acknowledging runner request '57f6621c-aaa7-51c7-8dcd-0b36627444f1'.
[2026-05-21 05:39:08Z INFO ConfigurationStore] HasCredentials()
[2026-05-21 05:39:08Z INFO ConfigurationStore] stored True
[2026-05-21 05:39:08Z INFO CredentialManager] GetCredentialProvider
[2026-05-21 05:39:08Z INFO CredentialManager] Creating type OAuth
[2026-05-21 05:39:08Z INFO CredentialManager] Creating credential type: OAuth
[2026-05-21 05:39:08Z INFO RSAEncryptedFileKeyManager] Loading RSA key parameters from file C:\Users\matisse\Desktop\docker-simple-cicd-demo\actions-runner\.credentials_rsaparams
[2026-05-21 05:39:08Z INFO RSAEncryptedFileKeyManager] Loading RSA key parameters from file C:\Users\matisse\Desktop\docker-simple-cicd-demo\actions-runner\.credentials_rsaparams
[2026-05-21 05:39:08Z INFO RSAEncryptedFileKeyManager] Loading RSA key parameters from file C:\Users\matisse\Desktop\docker-simple-cicd-demo\actions-runner\.credentials_rsaparams
[2026-05-21 05:39:09Z INFO GitHubActionsService] AAD Correlation ID for this token request: Unknown
[2026-05-21 05:39:10Z INFO JobDispatcher] Job request 0 for plan d55ded3a-7a39-4e1f-84ae-b874a9a413c1 job 57f6621c-aaa7-51c7-8dcd-0b36627444f1 received.
[2026-05-21 05:39:10Z INFO JobDispatcher] Pull OrchestrationId d55ded3a-7a39-4e1f-84ae-b874a9a413c1.web-test-build-image.__default from JWT claims
[2026-05-21 05:39:10Z INFO BrokerMessageListener] Received job status event. JobState: Busy
[2026-05-21 05:39:10Z INFO BrokerMessageListener] _getMessagesTokenSource is already disposed.
[2026-05-21 05:39:10Z INFO Terminal] WRITE LINE: 2026-05-21 05:39:10Z: Running job: Web Container - Test and Build
[2026-05-21 05:39:10Z INFO JobDispatcher] Start renew job request 0 for job 57f6621c-aaa7-51c7-8dcd-0b36627444f1.
[2026-05-21 05:39:11Z INFO JobDispatcher] Successfully renew job 57f6621c-aaa7-51c7-8dcd-0b36627444f1, job is valid till 2026/05/21 5:49:10
[2026-05-21 05:39:11Z INFO HostContext] Well known directory 'Bin': 'C:\Users\matisse\Desktop\docker-simple-cicd-demo\actions-runner\bin'
[2026-05-21 05:39:11Z INFO ProcessInvokerWrapper] Starting process:
[2026-05-21 05:39:11Z INFO ProcessInvokerWrapper]   File name: 'C:\Users\matisse\Desktop\docker-simple-cicd-demo\actions-runner\bin\Runner.Worker.exe'
[2026-05-21 05:39:11Z INFO ProcessInvokerWrapper]   Arguments: 'spawnclient 1544 2068'
[2026-05-21 05:39:11Z INFO ProcessInvokerWrapper]   Working directory: 'C:\Users\matisse\Desktop\docker-simple-cicd-demo\actions-runner\bin'
[2026-05-21 05:39:11Z INFO ProcessInvokerWrapper]   Require exit code zero: 'False'
[2026-05-21 05:39:11Z INFO ProcessInvokerWrapper]   Encoding web name:  ; code page: ''
[2026-05-21 05:39:11Z INFO ProcessInvokerWrapper]   Force kill process on cancellation: 'True'
[2026-05-21 05:39:11Z INFO ProcessInvokerWrapper]   Redirected STDIN: 'False'
[2026-05-21 05:39:11Z INFO ProcessInvokerWrapper]   Persist current code page: 'False'
[2026-05-21 05:39:11Z INFO ProcessInvokerWrapper]   Keep redirected STDIN open: 'False'
[2026-05-21 05:39:11Z INFO ProcessInvokerWrapper]   High priority process: 'True'
[2026-05-21 05:39:11Z INFO ProcessInvokerWrapper] Process started with process id 25932, waiting for process exit.
[2026-05-21 05:39:11Z INFO JobDispatcher] Send job request message to worker for job 57f6621c-aaa7-51c7-8dcd-0b36627444f1.
[2026-05-21 05:39:11Z INFO ProcessChannel] Sending message of length 24626, with hash 'e064fb295bfc986a448ce1a3550b4fce7557b0a64da39c4616a04ce4efbbd4d2'
[2026-05-21 05:39:11Z INFO JobNotification] Entering JobStarted Notification
[2026-05-21 05:39:11Z INFO JobNotification] Entering StartMonitor
[2026-05-21 05:39:50Z INFO ProcessInvokerWrapper] STDOUT/STDERR stream read finished.
[2026-05-21 05:39:50Z INFO ProcessInvokerWrapper] STDOUT/STDERR stream read finished.
[2026-05-21 05:39:50Z INFO ProcessInvokerWrapper] Finished process 25932 with exit code 102, and elapsed time 00:00:39.0984230.
[2026-05-21 05:39:50Z INFO JobDispatcher] Worker finished for job 57f6621c-aaa7-51c7-8dcd-0b36627444f1. Code: 102
[2026-05-21 05:39:50Z INFO JobDispatcher] finish job request for job 57f6621c-aaa7-51c7-8dcd-0b36627444f1 with result: Failed
[2026-05-21 05:39:50Z INFO Terminal] WRITE LINE: 2026-05-21 05:39:50Z: Job Web Container - Test and Build completed with result: Failed
[2026-05-21 05:39:50Z INFO JobDispatcher] Stop renew job request for job 57f6621c-aaa7-51c7-8dcd-0b36627444f1.
[2026-05-21 05:39:50Z INFO JobDispatcher] job renew has been cancelled, stop renew job 57f6621c-aaa7-51c7-8dcd-0b36627444f1.
[2026-05-21 05:39:50Z INFO JobNotification] Entering JobCompleted Notification
[2026-05-21 05:39:50Z INFO JobNotification] Entering EndMonitor
[2026-05-21 05:39:50Z INFO BrokerMessageListener] Received job status event. JobState: Online
[2026-05-21 05:39:50Z WARN GitHubActionsService] GET request to https://broker.actions.githubusercontent.com/message?sessionId=e1d2d47e-62eb-4e33-add3-431133c218b4&status=Busy&runnerVersion=2.334.0&os=Windows&architecture=X64&disableUpdate=false has been cancelled.
[2026-05-21 05:39:50Z ERR  BrokerServer] Catch exception during request
[2026-05-21 05:39:50Z ERR  BrokerServer] System.Threading.Tasks.TaskCanceledException: The operation was canceled.
 ---> System.Threading.Tasks.TaskCanceledException: The operation was canceled.
 ---> System.IO.IOException: Unable to read data from the transport connection: スレッドの終了またはアプリケーションの要求によって、I/O 処理は中止されました。.
 ---> System.Net.Sockets.SocketException (995): スレッドの終了またはアプリケーションの要求によって、I/O 処理は中止されました。
   --- End of inner exception stack trace ---
   at System.Net.Sockets.Socket.AwaitableSocketAsyncEventArgs.ThrowException(SocketError error, CancellationToken cancellationToken)
   at System.Net.Sockets.Socket.AwaitableSocketAsyncEventArgs.System.Threading.Tasks.Sources.IValueTaskSource<System.Int32>.GetResult(Int16 token)
   at System.Net.Security.SslStream.EnsureFullTlsFrameAsync[TIOAdapter](CancellationToken cancellationToken, Int32 estimatedSize)
   at System.Runtime.CompilerServices.PoolingAsyncValueTaskMethodBuilder`1.StateMachineBox`1.System.Threading.Tasks.Sources.IValueTaskSource<TResult>.GetResult(Int16 token)
   at System.Net.Security.SslStream.ReadAsyncInternal[TIOAdapter](Memory`1 buffer, CancellationToken cancellationToken)
   at System.Runtime.CompilerServices.PoolingAsyncValueTaskMethodBuilder`1.StateMachineBox`1.System.Threading.Tasks.Sources.IValueTaskSource<TResult>.GetResult(Int16 token)
   at System.Net.Http.HttpConnection.SendAsync(HttpRequestMessage request, Boolean async, CancellationToken cancellationToken)
   --- End of inner exception stack trace ---
   at System.Net.Http.HttpConnection.SendAsync(HttpRequestMessage request, Boolean async, CancellationToken cancellationToken)
   at System.Net.Http.AuthenticationHelper.SendWithNtAuthAsync(HttpRequestMessage request, Uri authUri, Boolean async, ICredentials credentials, Boolean isProxyAuth, HttpConnection connection, HttpConnectionPool connectionPool, CancellationToken cancellationToken)
   at System.Net.Http.HttpConnectionPool.SendWithVersionDetectionAndRetryAsync(HttpRequestMessage request, Boolean async, Boolean doRequestAuth, CancellationToken cancellationToken)
   at System.Net.Http.AuthenticationHelper.SendWithAuthAsync(HttpRequestMessage request, Uri authUri, Boolean async, ICredentials credentials, Boolean preAuthenticate, Boolean isProxyAuth, Boolean doRequestAuth, HttpConnectionPool pool, CancellationToken cancellationToken)
   at System.Net.Http.RedirectHandler.SendAsync(HttpRequestMessage request, Boolean async, CancellationToken cancellationToken)
   at GitHub.Services.Common.RawHttpMessageHandler.SendAsync(HttpRequestMessage request, CancellationToken cancellationToken)
   at GitHub.Services.Common.VssHttpRetryMessageHandler.SendAsync(HttpRequestMessage request, CancellationToken cancellationToken)
   at System.Net.Http.HttpClient.<SendAsync>g__Core|83_0(HttpRequestMessage request, HttpCompletionOption completionOption, CancellationTokenSource cts, Boolean disposeCts, CancellationTokenSource pendingRequestsCts, CancellationToken originalCancellationToken)
   --- End of inner exception stack trace ---
   at System.Net.Http.HttpClient.HandleFailure(Exception e, Boolean telemetryStarted, HttpResponseMessage response, CancellationTokenSource cts, CancellationToken cancellationToken, CancellationTokenSource pendingRequestsCts)
   at System.Net.Http.HttpClient.<SendAsync>g__Core|83_0(HttpRequestMessage request, HttpCompletionOption completionOption, CancellationTokenSource cts, Boolean disposeCts, CancellationTokenSource pendingRequestsCts, CancellationToken originalCancellationToken)
   at Sdk.WebApi.WebApi.RawHttpClientBase.SendAsync(HttpRequestMessage message, HttpCompletionOption completionOption, Object userState, CancellationToken cancellationToken)
   at Sdk.WebApi.WebApi.RawHttpClientBase.SendAsync[T](HttpRequestMessage message, Boolean readErrorBody, Object userState, CancellationToken cancellationToken)
   at Sdk.WebApi.WebApi.RawHttpClientBase.SendAsync[T](HttpMethod method, IEnumerable`1 additionalHeaders, Uri requestUri, HttpContent content, IEnumerable`1 queryParameters, Boolean readErrorBody, Object userState, CancellationToken cancellationToken)
   at GitHub.Actions.RunService.WebApi.BrokerHttpClient.GetRunnerMessageAsync(Nullable`1 sessionId, String runnerVersion, Nullable`1 status, String os, String architecture, Nullable`1 disableUpdate, CancellationToken cancellationToken)
   at GitHub.Runner.Common.BrokerServer.<>c__DisplayClass7_0.<<GetRunnerMessageAsync>b__0>d.MoveNext()
--- End of stack trace from previous location ---
   at GitHub.Runner.Common.RunnerService.RetryRequest[T](Func`1 func, CancellationToken cancellationToken, Int32 maxAttempts, Func`2 shouldRetry)
[2026-05-21 05:39:50Z ERR  BrokerServer] #####################################################
[2026-05-21 05:39:50Z ERR  BrokerServer] System.Threading.Tasks.TaskCanceledException: The operation was canceled.
 ---> System.IO.IOException: Unable to read data from the transport connection: スレッドの終了またはアプリケーションの要求によって、I/O 処理は中止されました。.
 ---> System.Net.Sockets.SocketException (995): スレッドの終了またはアプリケーションの要求によって、I/O 処理は中止されました。
   --- End of inner exception stack trace ---
   at System.Net.Sockets.Socket.AwaitableSocketAsyncEventArgs.ThrowException(SocketError error, CancellationToken cancellationToken)
   at System.Net.Sockets.Socket.AwaitableSocketAsyncEventArgs.System.Threading.Tasks.Sources.IValueTaskSource<System.Int32>.GetResult(Int16 token)
   at System.Net.Security.SslStream.EnsureFullTlsFrameAsync[TIOAdapter](CancellationToken cancellationToken, Int32 estimatedSize)
   at System.Runtime.CompilerServices.PoolingAsyncValueTaskMethodBuilder`1.StateMachineBox`1.System.Threading.Tasks.Sources.IValueTaskSource<TResult>.GetResult(Int16 token)
   at System.Net.Security.SslStream.ReadAsyncInternal[TIOAdapter](Memory`1 buffer, CancellationToken cancellationToken)
   at System.Runtime.CompilerServices.PoolingAsyncValueTaskMethodBuilder`1.StateMachineBox`1.System.Threading.Tasks.Sources.IValueTaskSource<TResult>.GetResult(Int16 token)
   at System.Net.Http.HttpConnection.SendAsync(HttpRequestMessage request, Boolean async, CancellationToken cancellationToken)
   --- End of inner exception stack trace ---
   at System.Net.Http.HttpConnection.SendAsync(HttpRequestMessage request, Boolean async, CancellationToken cancellationToken)
   at System.Net.Http.AuthenticationHelper.SendWithNtAuthAsync(HttpRequestMessage request, Uri authUri, Boolean async, ICredentials credentials, Boolean isProxyAuth, HttpConnection connection, HttpConnectionPool connectionPool, CancellationToken cancellationToken)
   at System.Net.Http.HttpConnectionPool.SendWithVersionDetectionAndRetryAsync(HttpRequestMessage request, Boolean async, Boolean doRequestAuth, CancellationToken cancellationToken)
   at System.Net.Http.AuthenticationHelper.SendWithAuthAsync(HttpRequestMessage request, Uri authUri, Boolean async, ICredentials credentials, Boolean preAuthenticate, Boolean isProxyAuth, Boolean doRequestAuth, HttpConnectionPool pool, CancellationToken cancellationToken)
   at System.Net.Http.RedirectHandler.SendAsync(HttpRequestMessage request, Boolean async, CancellationToken cancellationToken)
   at GitHub.Services.Common.RawHttpMessageHandler.SendAsync(HttpRequestMessage request, CancellationToken cancellationToken)
   at GitHub.Services.Common.VssHttpRetryMessageHandler.SendAsync(HttpRequestMessage request, CancellationToken cancellationToken)
   at System.Net.Http.HttpClient.<SendAsync>g__Core|83_0(HttpRequestMessage request, HttpCompletionOption completionOption, CancellationTokenSource cts, Boolean disposeCts, CancellationTokenSource pendingRequestsCts, CancellationToken originalCancellationToken)
[2026-05-21 05:39:50Z ERR  BrokerServer] #####################################################
[2026-05-21 05:39:50Z ERR  BrokerServer] System.IO.IOException: Unable to read data from the transport connection: スレッドの終了またはアプリケーションの要求によって、I/O 処理は中止されました。.
 ---> System.Net.Sockets.SocketException (995): スレッドの終了またはアプリケーションの要求によって、I/O 処理は中止されました。
   --- End of inner exception stack trace ---
   at System.Net.Sockets.Socket.AwaitableSocketAsyncEventArgs.ThrowException(SocketError error, CancellationToken cancellationToken)
   at System.Net.Sockets.Socket.AwaitableSocketAsyncEventArgs.System.Threading.Tasks.Sources.IValueTaskSource<System.Int32>.GetResult(Int16 token)
   at System.Net.Security.SslStream.EnsureFullTlsFrameAsync[TIOAdapter](CancellationToken cancellationToken, Int32 estimatedSize)
   at System.Runtime.CompilerServices.PoolingAsyncValueTaskMethodBuilder`1.StateMachineBox`1.System.Threading.Tasks.Sources.IValueTaskSource<TResult>.GetResult(Int16 token)
   at System.Net.Security.SslStream.ReadAsyncInternal[TIOAdapter](Memory`1 buffer, CancellationToken cancellationToken)
   at System.Runtime.CompilerServices.PoolingAsyncValueTaskMethodBuilder`1.StateMachineBox`1.System.Threading.Tasks.Sources.IValueTaskSource<TResult>.GetResult(Int16 token)
   at System.Net.Http.HttpConnection.SendAsync(HttpRequestMessage request, Boolean async, CancellationToken cancellationToken)
[2026-05-21 05:39:50Z ERR  BrokerServer] #####################################################
[2026-05-21 05:39:50Z ERR  BrokerServer] System.Net.Sockets.SocketException (995): スレッドの終了またはアプリケーションの要求によって、I/O 処理は中止されました。
[2026-05-21 05:39:50Z WARN BrokerServer] Back off 11.445 seconds before next retry. 4 attempt left.
[2026-05-21 05:39:50Z INFO BrokerMessageListener] Get messages has been cancelled using local token source. Continue to get messages with new status.
[2026-05-21 05:39:51Z INFO BrokerMessageListener] Acknowledging runner request '65583f9f-ffe4-534b-b1ef-6688e73cb98e'.
[2026-05-21 05:39:51Z INFO ConfigurationStore] HasCredentials()
[2026-05-21 05:39:51Z INFO ConfigurationStore] stored True
[2026-05-21 05:39:51Z INFO CredentialManager] GetCredentialProvider
[2026-05-21 05:39:51Z INFO CredentialManager] Creating type OAuth
[2026-05-21 05:39:51Z INFO CredentialManager] Creating credential type: OAuth
[2026-05-21 05:39:51Z INFO RSAEncryptedFileKeyManager] Loading RSA key parameters from file C:\Users\matisse\Desktop\docker-simple-cicd-demo\actions-runner\.credentials_rsaparams
[2026-05-21 05:39:51Z INFO RSAEncryptedFileKeyManager] Loading RSA key parameters from file C:\Users\matisse\Desktop\docker-simple-cicd-demo\actions-runner\.credentials_rsaparams
[2026-05-21 05:39:51Z INFO RSAEncryptedFileKeyManager] Loading RSA key parameters from file C:\Users\matisse\Desktop\docker-simple-cicd-demo\actions-runner\.credentials_rsaparams
[2026-05-21 05:39:52Z INFO GitHubActionsService] AAD Correlation ID for this token request: Unknown
[2026-05-21 05:39:53Z INFO JobDispatcher] Job request 0 for plan d55ded3a-7a39-4e1f-84ae-b874a9a413c1 job 65583f9f-ffe4-534b-b1ef-6688e73cb98e received.
[2026-05-21 05:39:53Z INFO JobDispatcher] Pull OrchestrationId d55ded3a-7a39-4e1f-84ae-b874a9a413c1.api-test-build-image.__default from JWT claims
[2026-05-21 05:39:53Z INFO BrokerMessageListener] Received job status event. JobState: Busy
[2026-05-21 05:39:53Z INFO BrokerMessageListener] _getMessagesTokenSource is already disposed.
[2026-05-21 05:39:53Z INFO JobDispatcher] Job request 57f6621c-aaa7-51c7-8dcd-0b36627444f1 processed succeed.
[2026-05-21 05:39:53Z INFO Terminal] WRITE LINE: 2026-05-21 05:39:53Z: Running job: API Container - Test and Build
[2026-05-21 05:39:53Z INFO JobDispatcher] Start renew job request 0 for job 65583f9f-ffe4-534b-b1ef-6688e73cb98e.
[2026-05-21 05:39:53Z INFO JobDispatcher] Successfully renew job 65583f9f-ffe4-534b-b1ef-6688e73cb98e, job is valid till 2026/05/21 5:49:53
[2026-05-21 05:39:53Z INFO HostContext] Well known directory 'Bin': 'C:\Users\matisse\Desktop\docker-simple-cicd-demo\actions-runner\bin'
[2026-05-21 05:39:53Z INFO ProcessInvokerWrapper] Starting process:
[2026-05-21 05:39:53Z INFO ProcessInvokerWrapper]   File name: 'C:\Users\matisse\Desktop\docker-simple-cicd-demo\actions-runner\bin\Runner.Worker.exe'
[2026-05-21 05:39:53Z INFO ProcessInvokerWrapper]   Arguments: 'spawnclient 2480 2492'
[2026-05-21 05:39:53Z INFO ProcessInvokerWrapper]   Working directory: 'C:\Users\matisse\Desktop\docker-simple-cicd-demo\actions-runner\bin'
[2026-05-21 05:39:53Z INFO ProcessInvokerWrapper]   Require exit code zero: 'False'
[2026-05-21 05:39:53Z INFO ProcessInvokerWrapper]   Encoding web name:  ; code page: ''
[2026-05-21 05:39:53Z INFO ProcessInvokerWrapper]   Force kill process on cancellation: 'True'
[2026-05-21 05:39:53Z INFO ProcessInvokerWrapper]   Redirected STDIN: 'False'
[2026-05-21 05:39:53Z INFO ProcessInvokerWrapper]   Persist current code page: 'False'
[2026-05-21 05:39:53Z INFO ProcessInvokerWrapper]   Keep redirected STDIN open: 'False'
[2026-05-21 05:39:53Z INFO ProcessInvokerWrapper]   High priority process: 'True'
[2026-05-21 05:39:53Z INFO ProcessInvokerWrapper] Process started with process id 10772, waiting for process exit.
[2026-05-21 05:39:53Z INFO JobDispatcher] Send job request message to worker for job 65583f9f-ffe4-534b-b1ef-6688e73cb98e.
[2026-05-21 05:39:53Z INFO ProcessChannel] Sending message of length 25952, with hash '720fbbda89a8a4a63791ccdb856d77057b645961e2c25f2ac1462272a95743bd'
[2026-05-21 05:39:53Z INFO JobNotification] Entering JobStarted Notification
[2026-05-21 05:39:53Z INFO JobNotification] Entering StartMonitor
[2026-05-21 05:40:28Z INFO ProcessInvokerWrapper] STDOUT/STDERR stream read finished.
[2026-05-21 05:40:28Z INFO ProcessInvokerWrapper] STDOUT/STDERR stream read finished.
[2026-05-21 05:40:28Z INFO ProcessInvokerWrapper] Finished process 10772 with exit code 102, and elapsed time 00:00:34.8296018.
[2026-05-21 05:40:28Z INFO JobDispatcher] Worker finished for job 65583f9f-ffe4-534b-b1ef-6688e73cb98e. Code: 102
[2026-05-21 05:40:28Z INFO JobDispatcher] finish job request for job 65583f9f-ffe4-534b-b1ef-6688e73cb98e with result: Failed
[2026-05-21 05:40:28Z INFO Terminal] WRITE LINE: 2026-05-21 05:40:28Z: Job API Container - Test and Build completed with result: Failed
[2026-05-21 05:40:28Z INFO JobDispatcher] Stop renew job request for job 65583f9f-ffe4-534b-b1ef-6688e73cb98e.
[2026-05-21 05:40:28Z INFO JobDispatcher] job renew has been cancelled, stop renew job 65583f9f-ffe4-534b-b1ef-6688e73cb98e.
[2026-05-21 05:40:28Z INFO JobNotification] Entering JobCompleted Notification
[2026-05-21 05:40:28Z INFO JobNotification] Entering EndMonitor
[2026-05-21 05:40:28Z INFO BrokerMessageListener] Received job status event. JobState: Online
[2026-05-21 05:40:28Z WARN GitHubActionsService] GET request to https://broker.actions.githubusercontent.com/message?sessionId=e1d2d47e-62eb-4e33-add3-431133c218b4&status=Busy&runnerVersion=2.334.0&os=Windows&architecture=X64&disableUpdate=false has been cancelled.
[2026-05-21 05:40:28Z ERR  BrokerServer] Catch exception during request
[2026-05-21 05:40:28Z ERR  BrokerServer] System.Threading.Tasks.TaskCanceledException: The operation was canceled.
 ---> System.Threading.Tasks.TaskCanceledException: The operation was canceled.
 ---> System.IO.IOException: Unable to read data from the transport connection: スレッドの終了またはアプリケーションの要求によって、I/O 処理は中止されました。.
 ---> System.Net.Sockets.SocketException (995): スレッドの終了またはアプリケーションの要求によって、I/O 処理は中止されました。
   --- End of inner exception stack trace ---
   at System.Net.Sockets.Socket.AwaitableSocketAsyncEventArgs.ThrowException(SocketError error, CancellationToken cancellationToken)
   at System.Net.Sockets.Socket.AwaitableSocketAsyncEventArgs.System.Threading.Tasks.Sources.IValueTaskSource<System.Int32>.GetResult(Int16 token)
   at System.Net.Security.SslStream.EnsureFullTlsFrameAsync[TIOAdapter](CancellationToken cancellationToken, Int32 estimatedSize)
   at System.Runtime.CompilerServices.PoolingAsyncValueTaskMethodBuilder`1.StateMachineBox`1.System.Threading.Tasks.Sources.IValueTaskSource<TResult>.GetResult(Int16 token)
   at System.Net.Security.SslStream.ReadAsyncInternal[TIOAdapter](Memory`1 buffer, CancellationToken cancellationToken)
   at System.Runtime.CompilerServices.PoolingAsyncValueTaskMethodBuilder`1.StateMachineBox`1.System.Threading.Tasks.Sources.IValueTaskSource<TResult>.GetResult(Int16 token)
   at System.Net.Http.HttpConnection.<EnsureReadAheadTaskHasStarted>g__ReadAheadWithZeroByteReadAsync|40_0()
   at System.Net.Http.HttpConnection.SendAsync(HttpRequestMessage request, Boolean async, CancellationToken cancellationToken)
   --- End of inner exception stack trace ---
   at System.Net.Http.HttpConnection.SendAsync(HttpRequestMessage request, Boolean async, CancellationToken cancellationToken)
   at System.Net.Http.AuthenticationHelper.SendWithNtAuthAsync(HttpRequestMessage request, Uri authUri, Boolean async, ICredentials credentials, Boolean isProxyAuth, HttpConnection connection, HttpConnectionPool connectionPool, CancellationToken cancellationToken)
   at System.Net.Http.HttpConnectionPool.SendWithVersionDetectionAndRetryAsync(HttpRequestMessage request, Boolean async, Boolean doRequestAuth, CancellationToken cancellationToken)
   at System.Net.Http.AuthenticationHelper.SendWithAuthAsync(HttpRequestMessage request, Uri authUri, Boolean async, ICredentials credentials, Boolean preAuthenticate, Boolean isProxyAuth, Boolean doRequestAuth, HttpConnectionPool pool, CancellationToken cancellationToken)
   at System.Net.Http.RedirectHandler.SendAsync(HttpRequestMessage request, Boolean async, CancellationToken cancellationToken)
   at GitHub.Services.Common.RawHttpMessageHandler.SendAsync(HttpRequestMessage request, CancellationToken cancellationToken)
   at GitHub.Services.Common.VssHttpRetryMessageHandler.SendAsync(HttpRequestMessage request, CancellationToken cancellationToken)
   at System.Net.Http.HttpClient.<SendAsync>g__Core|83_0(HttpRequestMessage request, HttpCompletionOption completionOption, CancellationTokenSource cts, Boolean disposeCts, CancellationTokenSource pendingRequestsCts, CancellationToken originalCancellationToken)
   --- End of inner exception stack trace ---
   at System.Net.Http.HttpClient.HandleFailure(Exception e, Boolean telemetryStarted, HttpResponseMessage response, CancellationTokenSource cts, CancellationToken cancellationToken, CancellationTokenSource pendingRequestsCts)
   at System.Net.Http.HttpClient.<SendAsync>g__Core|83_0(HttpRequestMessage request, HttpCompletionOption completionOption, CancellationTokenSource cts, Boolean disposeCts, CancellationTokenSource pendingRequestsCts, CancellationToken originalCancellationToken)
   at Sdk.WebApi.WebApi.RawHttpClientBase.SendAsync(HttpRequestMessage message, HttpCompletionOption completionOption, Object userState, CancellationToken cancellationToken)
   at Sdk.WebApi.WebApi.RawHttpClientBase.SendAsync[T](HttpRequestMessage message, Boolean readErrorBody, Object userState, CancellationToken cancellationToken)
   at Sdk.WebApi.WebApi.RawHttpClientBase.SendAsync[T](HttpMethod method, IEnumerable`1 additionalHeaders, Uri requestUri, HttpContent content, IEnumerable`1 queryParameters, Boolean readErrorBody, Object userState, CancellationToken cancellationToken)
   at GitHub.Actions.RunService.WebApi.BrokerHttpClient.GetRunnerMessageAsync(Nullable`1 sessionId, String runnerVersion, Nullable`1 status, String os, String architecture, Nullable`1 disableUpdate, CancellationToken cancellationToken)
   at GitHub.Runner.Common.BrokerServer.<>c__DisplayClass7_0.<<GetRunnerMessageAsync>b__0>d.MoveNext()
--- End of stack trace from previous location ---
   at GitHub.Runner.Common.RunnerService.RetryRequest[T](Func`1 func, CancellationToken cancellationToken, Int32 maxAttempts, Func`2 shouldRetry)
[2026-05-21 05:40:28Z ERR  BrokerServer] #####################################################
[2026-05-21 05:40:28Z ERR  BrokerServer] System.Threading.Tasks.TaskCanceledException: The operation was canceled.
 ---> System.IO.IOException: Unable to read data from the transport connection: スレッドの終了またはアプリケーションの要求によって、I/O 処理は中止されました。.
 ---> System.Net.Sockets.SocketException (995): スレッドの終了またはアプリケーションの要求によって、I/O 処理は中止されました。
   --- End of inner exception stack trace ---
   at System.Net.Sockets.Socket.AwaitableSocketAsyncEventArgs.ThrowException(SocketError error, CancellationToken cancellationToken)
   at System.Net.Sockets.Socket.AwaitableSocketAsyncEventArgs.System.Threading.Tasks.Sources.IValueTaskSource<System.Int32>.GetResult(Int16 token)
   at System.Net.Security.SslStream.EnsureFullTlsFrameAsync[TIOAdapter](CancellationToken cancellationToken, Int32 estimatedSize)
   at System.Runtime.CompilerServices.PoolingAsyncValueTaskMethodBuilder`1.StateMachineBox`1.System.Threading.Tasks.Sources.IValueTaskSource<TResult>.GetResult(Int16 token)
   at System.Net.Security.SslStream.ReadAsyncInternal[TIOAdapter](Memory`1 buffer, CancellationToken cancellationToken)
   at System.Runtime.CompilerServices.PoolingAsyncValueTaskMethodBuilder`1.StateMachineBox`1.System.Threading.Tasks.Sources.IValueTaskSource<TResult>.GetResult(Int16 token)
   at System.Net.Http.HttpConnection.<EnsureReadAheadTaskHasStarted>g__ReadAheadWithZeroByteReadAsync|40_0()
   at System.Net.Http.HttpConnection.SendAsync(HttpRequestMessage request, Boolean async, CancellationToken cancellationToken)
   --- End of inner exception stack trace ---
   at System.Net.Http.HttpConnection.SendAsync(HttpRequestMessage request, Boolean async, CancellationToken cancellationToken)
   at System.Net.Http.AuthenticationHelper.SendWithNtAuthAsync(HttpRequestMessage request, Uri authUri, Boolean async, ICredentials credentials, Boolean isProxyAuth, HttpConnection connection, HttpConnectionPool connectionPool, CancellationToken cancellationToken)
   at System.Net.Http.HttpConnectionPool.SendWithVersionDetectionAndRetryAsync(HttpRequestMessage request, Boolean async, Boolean doRequestAuth, CancellationToken cancellationToken)
   at System.Net.Http.AuthenticationHelper.SendWithAuthAsync(HttpRequestMessage request, Uri authUri, Boolean async, ICredentials credentials, Boolean preAuthenticate, Boolean isProxyAuth, Boolean doRequestAuth, HttpConnectionPool pool, CancellationToken cancellationToken)
   at System.Net.Http.RedirectHandler.SendAsync(HttpRequestMessage request, Boolean async, CancellationToken cancellationToken)
   at GitHub.Services.Common.RawHttpMessageHandler.SendAsync(HttpRequestMessage request, CancellationToken cancellationToken)
   at GitHub.Services.Common.VssHttpRetryMessageHandler.SendAsync(HttpRequestMessage request, CancellationToken cancellationToken)
   at System.Net.Http.HttpClient.<SendAsync>g__Core|83_0(HttpRequestMessage request, HttpCompletionOption completionOption, CancellationTokenSource cts, Boolean disposeCts, CancellationTokenSource pendingRequestsCts, CancellationToken originalCancellationToken)
[2026-05-21 05:40:28Z ERR  BrokerServer] #####################################################
[2026-05-21 05:40:28Z ERR  BrokerServer] System.IO.IOException: Unable to read data from the transport connection: スレッドの終了またはアプリケーションの要求によって、I/O 処理は中止されました。.
 ---> System.Net.Sockets.SocketException (995): スレッドの終了またはアプリケーションの要求によって、I/O 処理は中止されました。
   --- End of inner exception stack trace ---
   at System.Net.Sockets.Socket.AwaitableSocketAsyncEventArgs.ThrowException(SocketError error, CancellationToken cancellationToken)
   at System.Net.Sockets.Socket.AwaitableSocketAsyncEventArgs.System.Threading.Tasks.Sources.IValueTaskSource<System.Int32>.GetResult(Int16 token)
   at System.Net.Security.SslStream.EnsureFullTlsFrameAsync[TIOAdapter](CancellationToken cancellationToken, Int32 estimatedSize)
   at System.Runtime.CompilerServices.PoolingAsyncValueTaskMethodBuilder`1.StateMachineBox`1.System.Threading.Tasks.Sources.IValueTaskSource<TResult>.GetResult(Int16 token)
   at System.Net.Security.SslStream.ReadAsyncInternal[TIOAdapter](Memory`1 buffer, CancellationToken cancellationToken)
   at System.Runtime.CompilerServices.PoolingAsyncValueTaskMethodBuilder`1.StateMachineBox`1.System.Threading.Tasks.Sources.IValueTaskSource<TResult>.GetResult(Int16 token)
   at System.Net.Http.HttpConnection.<EnsureReadAheadTaskHasStarted>g__ReadAheadWithZeroByteReadAsync|40_0()
   at System.Net.Http.HttpConnection.SendAsync(HttpRequestMessage request, Boolean async, CancellationToken cancellationToken)
[2026-05-21 05:40:28Z ERR  BrokerServer] #####################################################
[2026-05-21 05:40:28Z ERR  BrokerServer] System.Net.Sockets.SocketException (995): スレッドの終了またはアプリケーションの要求によって、I/O 処理は中止されました。
[2026-05-21 05:40:28Z WARN BrokerServer] Back off 6.434 seconds before next retry. 4 attempt left.
[2026-05-21 05:40:28Z INFO BrokerMessageListener] Get messages has been cancelled using local token source. Continue to get messages with new status.
[2026-05-21 05:42:18Z INFO Terminal] WRITE LINE: Exiting...
[2026-05-21 05:42:18Z INFO ConfigurationStore] IsServiceConfigured()
[2026-05-21 05:42:18Z INFO ConfigurationStore] IsServiceConfigured: False
[2026-05-21 05:42:18Z INFO HostContext] Runner will be shutdown for UserCancelled
[2026-05-21 05:42:18Z WARN GitHubActionsService] GET request to https://broker.actions.githubusercontent.com/message?sessionId=e1d2d47e-62eb-4e33-add3-431133c218b4&status=Online&runnerVersion=2.334.0&os=Windows&architecture=X64&disableUpdate=false has been cancelled.
[2026-05-21 05:42:18Z ERR  BrokerServer] Catch exception during request
[2026-05-21 05:42:18Z ERR  BrokerServer] System.Threading.Tasks.TaskCanceledException: The operation was canceled.
 ---> System.Threading.Tasks.TaskCanceledException: The operation was canceled.
 ---> System.IO.IOException: Unable to read data from the transport connection: スレッドの終了またはアプリケーションの要求によって、I/O 処理は中止されました。.
 ---> System.Net.Sockets.SocketException (995): スレッドの終了またはアプリケーションの要求によって、I/O 処理は中止されました。
   --- End of inner exception stack trace ---
   at System.Net.Sockets.Socket.AwaitableSocketAsyncEventArgs.ThrowException(SocketError error, CancellationToken cancellationToken)
   at System.Net.Sockets.Socket.AwaitableSocketAsyncEventArgs.System.Threading.Tasks.Sources.IValueTaskSource<System.Int32>.GetResult(Int16 token)
   at System.Net.Security.SslStream.EnsureFullTlsFrameAsync[TIOAdapter](CancellationToken cancellationToken, Int32 estimatedSize)
   at System.Runtime.CompilerServices.PoolingAsyncValueTaskMethodBuilder`1.StateMachineBox`1.System.Threading.Tasks.Sources.IValueTaskSource<TResult>.GetResult(Int16 token)
   at System.Net.Security.SslStream.ReadAsyncInternal[TIOAdapter](Memory`1 buffer, CancellationToken cancellationToken)
   at System.Runtime.CompilerServices.PoolingAsyncValueTaskMethodBuilder`1.StateMachineBox`1.System.Threading.Tasks.Sources.IValueTaskSource<TResult>.GetResult(Int16 token)
   at System.Net.Http.HttpConnection.SendAsync(HttpRequestMessage request, Boolean async, CancellationToken cancellationToken)
   --- End of inner exception stack trace ---
   at System.Net.Http.HttpConnection.SendAsync(HttpRequestMessage request, Boolean async, CancellationToken cancellationToken)
   at System.Net.Http.AuthenticationHelper.SendWithNtAuthAsync(HttpRequestMessage request, Uri authUri, Boolean async, ICredentials credentials, Boolean isProxyAuth, HttpConnection connection, HttpConnectionPool connectionPool, CancellationToken cancellationToken)
   at System.Net.Http.HttpConnectionPool.SendWithVersionDetectionAndRetryAsync(HttpRequestMessage request, Boolean async, Boolean doRequestAuth, CancellationToken cancellationToken)
   at System.Net.Http.AuthenticationHelper.SendWithAuthAsync(HttpRequestMessage request, Uri authUri, Boolean async, ICredentials credentials, Boolean preAuthenticate, Boolean isProxyAuth, Boolean doRequestAuth, HttpConnectionPool pool, CancellationToken cancellationToken)
   at System.Net.Http.RedirectHandler.SendAsync(HttpRequestMessage request, Boolean async, CancellationToken cancellationToken)
   at GitHub.Services.Common.RawHttpMessageHandler.SendAsync(HttpRequestMessage request, CancellationToken cancellationToken)
   at GitHub.Services.Common.VssHttpRetryMessageHandler.SendAsync(HttpRequestMessage request, CancellationToken cancellationToken)
   at System.Net.Http.HttpClient.<SendAsync>g__Core|83_0(HttpRequestMessage request, HttpCompletionOption completionOption, CancellationTokenSource cts, Boolean disposeCts, CancellationTokenSource pendingRequestsCts, CancellationToken originalCancellationToken)
   --- End of inner exception stack trace ---
   at System.Net.Http.HttpClient.HandleFailure(Exception e, Boolean telemetryStarted, HttpResponseMessage response, CancellationTokenSource cts, CancellationToken cancellationToken, CancellationTokenSource pendingRequestsCts)
   at System.Net.Http.HttpClient.<SendAsync>g__Core|83_0(HttpRequestMessage request, HttpCompletionOption completionOption, CancellationTokenSource cts, Boolean disposeCts, CancellationTokenSource pendingRequestsCts, CancellationToken originalCancellationToken)
   at Sdk.WebApi.WebApi.RawHttpClientBase.SendAsync(HttpRequestMessage message, HttpCompletionOption completionOption, Object userState, CancellationToken cancellationToken)
   at Sdk.WebApi.WebApi.RawHttpClientBase.SendAsync[T](HttpRequestMessage message, Boolean readErrorBody, Object userState, CancellationToken cancellationToken)
   at Sdk.WebApi.WebApi.RawHttpClientBase.SendAsync[T](HttpMethod method, IEnumerable`1 additionalHeaders, Uri requestUri, HttpContent content, IEnumerable`1 queryParameters, Boolean readErrorBody, Object userState, CancellationToken cancellationToken)
   at GitHub.Actions.RunService.WebApi.BrokerHttpClient.GetRunnerMessageAsync(Nullable`1 sessionId, String runnerVersion, Nullable`1 status, String os, String architecture, Nullable`1 disableUpdate, CancellationToken cancellationToken)
   at GitHub.Runner.Common.BrokerServer.<>c__DisplayClass7_0.<<GetRunnerMessageAsync>b__0>d.MoveNext()
--- End of stack trace from previous location ---
   at GitHub.Runner.Common.RunnerService.RetryRequest[T](Func`1 func, CancellationToken cancellationToken, Int32 maxAttempts, Func`2 shouldRetry)
[2026-05-21 05:42:18Z ERR  BrokerServer] #####################################################
[2026-05-21 05:42:18Z ERR  BrokerServer] System.Threading.Tasks.TaskCanceledException: The operation was canceled.
 ---> System.IO.IOException: Unable to read data from the transport connection: スレッドの終了またはアプリケーションの要求によって、I/O 処理は中止されました。.
 ---> System.Net.Sockets.SocketException (995): スレッドの終了またはアプリケーションの要求によって、I/O 処理は中止されました。
   --- End of inner exception stack trace ---
   at System.Net.Sockets.Socket.AwaitableSocketAsyncEventArgs.ThrowException(SocketError error, CancellationToken cancellationToken)
   at System.Net.Sockets.Socket.AwaitableSocketAsyncEventArgs.System.Threading.Tasks.Sources.IValueTaskSource<System.Int32>.GetResult(Int16 token)
   at System.Net.Security.SslStream.EnsureFullTlsFrameAsync[TIOAdapter](CancellationToken cancellationToken, Int32 estimatedSize)
   at System.Runtime.CompilerServices.PoolingAsyncValueTaskMethodBuilder`1.StateMachineBox`1.System.Threading.Tasks.Sources.IValueTaskSource<TResult>.GetResult(Int16 token)
   at System.Net.Security.SslStream.ReadAsyncInternal[TIOAdapter](Memory`1 buffer, CancellationToken cancellationToken)
   at System.Runtime.CompilerServices.PoolingAsyncValueTaskMethodBuilder`1.StateMachineBox`1.System.Threading.Tasks.Sources.IValueTaskSource<TResult>.GetResult(Int16 token)
   at System.Net.Http.HttpConnection.SendAsync(HttpRequestMessage request, Boolean async, CancellationToken cancellationToken)
   --- End of inner exception stack trace ---
   at System.Net.Http.HttpConnection.SendAsync(HttpRequestMessage request, Boolean async, CancellationToken cancellationToken)
   at System.Net.Http.AuthenticationHelper.SendWithNtAuthAsync(HttpRequestMessage request, Uri authUri, Boolean async, ICredentials credentials, Boolean isProxyAuth, HttpConnection connection, HttpConnectionPool connectionPool, CancellationToken cancellationToken)
   at System.Net.Http.HttpConnectionPool.SendWithVersionDetectionAndRetryAsync(HttpRequestMessage request, Boolean async, Boolean doRequestAuth, CancellationToken cancellationToken)
   at System.Net.Http.AuthenticationHelper.SendWithAuthAsync(HttpRequestMessage request, Uri authUri, Boolean async, ICredentials credentials, Boolean preAuthenticate, Boolean isProxyAuth, Boolean doRequestAuth, HttpConnectionPool pool, CancellationToken cancellationToken)
   at System.Net.Http.RedirectHandler.SendAsync(HttpRequestMessage request, Boolean async, CancellationToken cancellationToken)
   at GitHub.Services.Common.RawHttpMessageHandler.SendAsync(HttpRequestMessage request, CancellationToken cancellationToken)
   at GitHub.Services.Common.VssHttpRetryMessageHandler.SendAsync(HttpRequestMessage request, CancellationToken cancellationToken)
   at System.Net.Http.HttpClient.<SendAsync>g__Core|83_0(HttpRequestMessage request, HttpCompletionOption completionOption, CancellationTokenSource cts, Boolean disposeCts, CancellationTokenSource pendingRequestsCts, CancellationToken originalCancellationToken)
[2026-05-21 05:42:18Z ERR  BrokerServer] #####################################################
[2026-05-21 05:42:18Z ERR  BrokerServer] System.IO.IOException: Unable to read data from the transport connection: スレッドの終了またはアプリケーションの要求によって、I/O 処理は中止されました。.
 ---> System.Net.Sockets.SocketException (995): スレッドの終了またはアプリケーションの要求によって、I/O 処理は中止されました。
   --- End of inner exception stack trace ---
   at System.Net.Sockets.Socket.AwaitableSocketAsyncEventArgs.ThrowException(SocketError error, CancellationToken cancellationToken)
   at System.Net.Sockets.Socket.AwaitableSocketAsyncEventArgs.System.Threading.Tasks.Sources.IValueTaskSource<System.Int32>.GetResult(Int16 token)
   at System.Net.Security.SslStream.EnsureFullTlsFrameAsync[TIOAdapter](CancellationToken cancellationToken, Int32 estimatedSize)
   at System.Runtime.CompilerServices.PoolingAsyncValueTaskMethodBuilder`1.StateMachineBox`1.System.Threading.Tasks.Sources.IValueTaskSource<TResult>.GetResult(Int16 token)
   at System.Net.Security.SslStream.ReadAsyncInternal[TIOAdapter](Memory`1 buffer, CancellationToken cancellationToken)
   at System.Runtime.CompilerServices.PoolingAsyncValueTaskMethodBuilder`1.StateMachineBox`1.System.Threading.Tasks.Sources.IValueTaskSource<TResult>.GetResult(Int16 token)
   at System.Net.Http.HttpConnection.SendAsync(HttpRequestMessage request, Boolean async, CancellationToken cancellationToken)
[2026-05-21 05:42:18Z ERR  BrokerServer] #####################################################
[2026-05-21 05:42:18Z ERR  BrokerServer] System.Net.Sockets.SocketException (995): スレッドの終了またはアプリケーションの要求によって、I/O 処理は中止されました。
[2026-05-21 05:42:18Z WARN BrokerServer] Back off 12.456 seconds before next retry. 4 attempt left.
[2026-05-21 05:42:18Z INFO BrokerMessageListener] Get next message has been cancelled.
[2026-05-21 05:42:18Z INFO JobDispatcher] Shutting down JobDispatcher. Make sure all WorkerDispatcher has finished.
[2026-05-21 05:42:18Z INFO JobDispatcher] Ensure WorkerDispatcher for job 65583f9f-ffe4-534b-b1ef-6688e73cb98e run to finish, cancel any running job.
[2026-05-21 05:42:18Z INFO JobDispatcher] Job request 65583f9f-ffe4-534b-b1ef-6688e73cb98e processed succeed.
[2026-05-21 05:42:18Z INFO Runner] Deleting Runner Session...
[2026-05-21 05:42:19Z INFO Listener] Runner execution been cancelled.
