[2026-05-21 02:03:09Z INFO HostContext] No proxy settings were found based on environmental variables (http_proxy/https_proxy/HTTP_PROXY/HTTPS_PROXY)
[2026-05-21 02:03:09Z INFO HostContext] Well known directory 'Bin': 'C:\Users\matisse\Desktop\docker-simple-cicd-demo\actions-runner\bin'
[2026-05-21 02:03:09Z INFO HostContext] Well known directory 'Root': 'C:\Users\matisse\Desktop\docker-simple-cicd-demo\actions-runner'
[2026-05-21 02:03:09Z INFO HostContext] Well known config file 'Credentials': 'C:\Users\matisse\Desktop\docker-simple-cicd-demo\actions-runner\.credentials'
[2026-05-21 02:03:10Z INFO HostContext] Well known directory 'Bin': 'C:\Users\matisse\Desktop\docker-simple-cicd-demo\actions-runner\bin'
[2026-05-21 02:03:10Z INFO HostContext] Well known directory 'Root': 'C:\Users\matisse\Desktop\docker-simple-cicd-demo\actions-runner'
[2026-05-21 02:03:10Z INFO HostContext] Well known config file 'Runner': 'C:\Users\matisse\Desktop\docker-simple-cicd-demo\actions-runner\.runner'
[2026-05-21 02:03:10Z INFO Listener] Runner is built for Windows (X64) - win-x64.
[2026-05-21 02:03:10Z INFO Listener] RuntimeInformation: Microsoft Windows 10.0.26200.
[2026-05-21 02:03:10Z INFO Listener] Version: 2.334.0
[2026-05-21 02:03:10Z INFO Listener] Commit: f1995ede5d885c997d13d8eca5467c4ce97fe69c
[2026-05-21 02:03:10Z INFO Listener] Culture: ja-JP
[2026-05-21 02:03:10Z INFO Listener] UI Culture: ja-JP
[2026-05-21 02:03:10Z INFO HostContext] Well known directory 'Bin': 'C:\Users\matisse\Desktop\docker-simple-cicd-demo\actions-runner\bin'
[2026-05-21 02:03:10Z INFO HostContext] Well known directory 'Root': 'C:\Users\matisse\Desktop\docker-simple-cicd-demo\actions-runner'
[2026-05-21 02:03:10Z INFO Listener] Validating directory permissions for: 'C:\Users\matisse\Desktop\docker-simple-cicd-demo\actions-runner'
[2026-05-21 02:03:10Z INFO CommandLineParser] Parse
[2026-05-21 02:03:10Z INFO CommandLineParser] Parsing 3 args
[2026-05-21 02:03:10Z INFO CommandLineParser] parsing argument
[2026-05-21 02:03:10Z INFO CommandLineParser] HasArgs: False
[2026-05-21 02:03:10Z INFO CommandLineParser] Adding Command: remove
[2026-05-21 02:03:10Z INFO CommandLineParser] parsing argument
[2026-05-21 02:03:10Z INFO CommandLineParser] HasArgs: True
[2026-05-21 02:03:10Z INFO CommandLineParser] arg: token
[2026-05-21 02:03:10Z INFO CommandLineParser] parsing argument
[2026-05-21 02:03:10Z INFO CommandLineParser] HasArgs: True
[2026-05-21 02:03:10Z INFO CommandLineParser] Adding option 'token': '***'
[2026-05-21 02:03:10Z INFO Listener] Arguments parsed
[2026-05-21 02:03:10Z INFO Runner] ExecuteCommand
[2026-05-21 02:03:10Z INFO ConfigurationStore] currentAssemblyLocation: C:\Users\matisse\Desktop\docker-simple-cicd-demo\actions-runner\bin\Runner.Listener.dll
[2026-05-21 02:03:10Z INFO HostContext] Well known directory 'Bin': 'C:\Users\matisse\Desktop\docker-simple-cicd-demo\actions-runner\bin'
[2026-05-21 02:03:10Z INFO ConfigurationStore] binPath: C:\Users\matisse\Desktop\docker-simple-cicd-demo\actions-runner\bin
[2026-05-21 02:03:10Z INFO HostContext] Well known directory 'Bin': 'C:\Users\matisse\Desktop\docker-simple-cicd-demo\actions-runner\bin'
[2026-05-21 02:03:10Z INFO HostContext] Well known directory 'Root': 'C:\Users\matisse\Desktop\docker-simple-cicd-demo\actions-runner'
[2026-05-21 02:03:10Z INFO ConfigurationStore] RootFolder: C:\Users\matisse\Desktop\docker-simple-cicd-demo\actions-runner
[2026-05-21 02:03:10Z INFO HostContext] Well known directory 'Bin': 'C:\Users\matisse\Desktop\docker-simple-cicd-demo\actions-runner\bin'
[2026-05-21 02:03:10Z INFO HostContext] Well known directory 'Root': 'C:\Users\matisse\Desktop\docker-simple-cicd-demo\actions-runner'
[2026-05-21 02:03:10Z INFO HostContext] Well known config file 'Runner': 'C:\Users\matisse\Desktop\docker-simple-cicd-demo\actions-runner\.runner'
[2026-05-21 02:03:10Z INFO ConfigurationStore] ConfigFilePath: C:\Users\matisse\Desktop\docker-simple-cicd-demo\actions-runner\.runner
[2026-05-21 02:03:10Z INFO HostContext] Well known directory 'Bin': 'C:\Users\matisse\Desktop\docker-simple-cicd-demo\actions-runner\bin'
[2026-05-21 02:03:10Z INFO HostContext] Well known directory 'Root': 'C:\Users\matisse\Desktop\docker-simple-cicd-demo\actions-runner'
[2026-05-21 02:03:10Z INFO HostContext] Well known config file 'MigratedRunner': 'C:\Users\matisse\Desktop\docker-simple-cicd-demo\actions-runner\.runner_migrated'
[2026-05-21 02:03:10Z INFO ConfigurationStore] MigratedConfigFilePath: C:\Users\matisse\Desktop\docker-simple-cicd-demo\actions-runner\.runner_migrated
[2026-05-21 02:03:10Z INFO HostContext] Well known directory 'Bin': 'C:\Users\matisse\Desktop\docker-simple-cicd-demo\actions-runner\bin'
[2026-05-21 02:03:10Z INFO HostContext] Well known directory 'Root': 'C:\Users\matisse\Desktop\docker-simple-cicd-demo\actions-runner'
[2026-05-21 02:03:10Z INFO HostContext] Well known config file 'Credentials': 'C:\Users\matisse\Desktop\docker-simple-cicd-demo\actions-runner\.credentials'
[2026-05-21 02:03:10Z INFO ConfigurationStore] CredFilePath: C:\Users\matisse\Desktop\docker-simple-cicd-demo\actions-runner\.credentials
[2026-05-21 02:03:10Z INFO HostContext] Well known directory 'Bin': 'C:\Users\matisse\Desktop\docker-simple-cicd-demo\actions-runner\bin'
[2026-05-21 02:03:10Z INFO HostContext] Well known directory 'Root': 'C:\Users\matisse\Desktop\docker-simple-cicd-demo\actions-runner'
[2026-05-21 02:03:10Z INFO HostContext] Well known config file 'MigratedCredentials': 'C:\Users\matisse\Desktop\docker-simple-cicd-demo\actions-runner\.credentials_migrated'
[2026-05-21 02:03:10Z INFO ConfigurationStore] MigratedCredFilePath: C:\Users\matisse\Desktop\docker-simple-cicd-demo\actions-runner\.credentials_migrated
[2026-05-21 02:03:10Z INFO HostContext] Well known directory 'Bin': 'C:\Users\matisse\Desktop\docker-simple-cicd-demo\actions-runner\bin'
[2026-05-21 02:03:10Z INFO HostContext] Well known directory 'Root': 'C:\Users\matisse\Desktop\docker-simple-cicd-demo\actions-runner'
[2026-05-21 02:03:10Z INFO HostContext] Well known config file 'Service': 'C:\Users\matisse\Desktop\docker-simple-cicd-demo\actions-runner\.service'
[2026-05-21 02:03:10Z INFO ConfigurationStore] ServiceConfigFilePath: C:\Users\matisse\Desktop\docker-simple-cicd-demo\actions-runner\.service
[2026-05-21 02:03:10Z INFO CommandSettings] Flag 'help': 'False'
[2026-05-21 02:03:10Z INFO CommandSettings] Flag 'version': 'False'
[2026-05-21 02:03:10Z INFO CommandSettings] Flag 'commit': 'False'
[2026-05-21 02:03:10Z INFO CommandSettings] Flag 'check': 'False'
[2026-05-21 02:03:10Z INFO CommandSettings] Command 'configure': 'False'
[2026-05-21 02:03:10Z INFO CommandSettings] Command 'remove': 'True'
[2026-05-21 02:03:10Z INFO CommandSettings] Flag 'local': 'False'
[2026-05-21 02:03:10Z INFO ConfigurationStore] IsServiceConfigured()
[2026-05-21 02:03:10Z INFO ConfigurationStore] IsServiceConfigured: False
[2026-05-21 02:03:10Z INFO ConfigurationStore] IsConfigured()
[2026-05-21 02:03:10Z INFO ConfigurationStore] IsConfigured: True
[2026-05-21 02:03:10Z INFO ConfigurationStore] HasCredentials()
[2026-05-21 02:03:10Z INFO ConfigurationStore] stored True
[2026-05-21 02:03:10Z INFO ConfigurationStore] Read setting file: 417 chars
[2026-05-21 02:03:10Z INFO CommandSettings] Arg 'token': '***'
[2026-05-21 02:03:10Z INFO CommandSettings] Remove token from Arg dictionary.
[2026-05-21 02:03:10Z INFO ConfigurationManager] Http response code: OK from 'POST https://api.github.com/actions/runner-registration' (EC5C:287DA1:1791C17:1A0560B:6A0E67DD)
[2026-05-21 02:03:10Z INFO ConfigurationManager] cred retrieved via GitHub auth
[2026-05-21 02:03:10Z INFO RunnerServer] EstablishVssConnection
[2026-05-21 02:03:10Z INFO RunnerServer] Establish connection with 100 seconds timeout.
[2026-05-21 02:03:10Z INFO GitHubActionsService] Starting operation Location.GetConnectionData
[2026-05-21 02:03:10Z INFO RunnerServer] EstablishVssConnection
[2026-05-21 02:03:10Z INFO RunnerServer] Establish connection with 60 seconds timeout.
[2026-05-21 02:03:10Z INFO GitHubActionsService] Starting operation Location.GetConnectionData
[2026-05-21 02:03:10Z INFO RunnerServer] EstablishVssConnection
[2026-05-21 02:03:10Z INFO RunnerServer] Establish connection with 60 seconds timeout.
[2026-05-21 02:03:10Z INFO GitHubActionsService] Starting operation Location.GetConnectionData
[2026-05-21 02:03:11Z INFO GitHubActionsService] Finished operation Location.GetConnectionData
[2026-05-21 02:03:11Z INFO GitHubActionsService] Finished operation Location.GetConnectionData
[2026-05-21 02:03:11Z INFO GitHubActionsService] Finished operation Location.GetConnectionData
[2026-05-21 02:03:12Z INFO Terminal] WRITE LINE: 
[2026-05-21 02:03:12Z INFO ConfigurationStore] IsConfigured()
[2026-05-21 02:03:12Z INFO ConfigurationStore] IsConfigured: True
[2026-05-21 02:03:12Z INFO ConfigurationStore] HasCredentials()
[2026-05-21 02:03:12Z INFO ConfigurationStore] stored True
[2026-05-21 02:03:12Z INFO HostContext] Well known directory 'Bin': 'C:\Users\matisse\Desktop\docker-simple-cicd-demo\actions-runner\bin'
[2026-05-21 02:03:12Z INFO HostContext] Well known directory 'Root': 'C:\Users\matisse\Desktop\docker-simple-cicd-demo\actions-runner'
[2026-05-21 02:03:12Z INFO HostContext] Well known config file 'RSACredentials': 'C:\Users\matisse\Desktop\docker-simple-cicd-demo\actions-runner\.credentials_rsaparams'
[2026-05-21 02:03:12Z INFO RSAEncryptedFileKeyManager] Deleting RSA key parameters file C:\Users\matisse\Desktop\docker-simple-cicd-demo\actions-runner\.credentials_rsaparams
[2026-05-21 02:03:12Z INFO Terminal] WRITE LINE: 
[2026-05-21 02:03:12Z INFO Listener] Runner execution has finished with return code 0
