[2026-05-21 01:43:33Z INFO HostContext] No proxy settings were found based on environmental variables (http_proxy/https_proxy/HTTP_PROXY/HTTPS_PROXY)
[2026-05-21 01:43:33Z INFO HostContext] Well known directory 'Bin': 'C:\Users\matisse\Desktop\docker-simple-cicd-demo\actions-runner\bin'
[2026-05-21 01:43:33Z INFO HostContext] Well known directory 'Root': 'C:\Users\matisse\Desktop\docker-simple-cicd-demo\actions-runner'
[2026-05-21 01:43:33Z INFO HostContext] Well known config file 'Credentials': 'C:\Users\matisse\Desktop\docker-simple-cicd-demo\actions-runner\.credentials'
[2026-05-21 01:43:33Z INFO HostContext] Well known directory 'Bin': 'C:\Users\matisse\Desktop\docker-simple-cicd-demo\actions-runner\bin'
[2026-05-21 01:43:33Z INFO HostContext] Well known directory 'Root': 'C:\Users\matisse\Desktop\docker-simple-cicd-demo\actions-runner'
[2026-05-21 01:43:33Z INFO HostContext] Well known config file 'Runner': 'C:\Users\matisse\Desktop\docker-simple-cicd-demo\actions-runner\.runner'
[2026-05-21 01:43:33Z INFO Listener] Runner is built for Windows (X64) - win-x64.
[2026-05-21 01:43:33Z INFO Listener] RuntimeInformation: Microsoft Windows 10.0.26200.
[2026-05-21 01:43:33Z INFO Listener] Version: 2.334.0
[2026-05-21 01:43:33Z INFO Listener] Commit: f1995ede5d885c997d13d8eca5467c4ce97fe69c
[2026-05-21 01:43:33Z INFO Listener] Culture: ja-JP
[2026-05-21 01:43:33Z INFO Listener] UI Culture: ja-JP
[2026-05-21 01:43:33Z INFO HostContext] Well known directory 'Bin': 'C:\Users\matisse\Desktop\docker-simple-cicd-demo\actions-runner\bin'
[2026-05-21 01:43:33Z INFO HostContext] Well known directory 'Root': 'C:\Users\matisse\Desktop\docker-simple-cicd-demo\actions-runner'
[2026-05-21 01:43:33Z INFO Listener] Validating directory permissions for: 'C:\Users\matisse\Desktop\docker-simple-cicd-demo\actions-runner'
[2026-05-21 01:43:33Z INFO CommandLineParser] Parse
[2026-05-21 01:43:33Z INFO CommandLineParser] Parsing 1 args
[2026-05-21 01:43:33Z INFO CommandLineParser] parsing argument
[2026-05-21 01:43:33Z INFO CommandLineParser] HasArgs: False
[2026-05-21 01:43:33Z INFO CommandLineParser] Adding Command: run
[2026-05-21 01:43:33Z INFO Listener] Arguments parsed
[2026-05-21 01:43:33Z INFO Runner] ExecuteCommand
[2026-05-21 01:43:33Z INFO ConfigurationStore] currentAssemblyLocation: C:\Users\matisse\Desktop\docker-simple-cicd-demo\actions-runner\bin\Runner.Listener.dll
[2026-05-21 01:43:33Z INFO HostContext] Well known directory 'Bin': 'C:\Users\matisse\Desktop\docker-simple-cicd-demo\actions-runner\bin'
[2026-05-21 01:43:33Z INFO ConfigurationStore] binPath: C:\Users\matisse\Desktop\docker-simple-cicd-demo\actions-runner\bin
[2026-05-21 01:43:33Z INFO HostContext] Well known directory 'Bin': 'C:\Users\matisse\Desktop\docker-simple-cicd-demo\actions-runner\bin'
[2026-05-21 01:43:33Z INFO HostContext] Well known directory 'Root': 'C:\Users\matisse\Desktop\docker-simple-cicd-demo\actions-runner'
[2026-05-21 01:43:33Z INFO ConfigurationStore] RootFolder: C:\Users\matisse\Desktop\docker-simple-cicd-demo\actions-runner
[2026-05-21 01:43:33Z INFO HostContext] Well known directory 'Bin': 'C:\Users\matisse\Desktop\docker-simple-cicd-demo\actions-runner\bin'
[2026-05-21 01:43:33Z INFO HostContext] Well known directory 'Root': 'C:\Users\matisse\Desktop\docker-simple-cicd-demo\actions-runner'
[2026-05-21 01:43:33Z INFO HostContext] Well known config file 'Runner': 'C:\Users\matisse\Desktop\docker-simple-cicd-demo\actions-runner\.runner'
[2026-05-21 01:43:33Z INFO ConfigurationStore] ConfigFilePath: C:\Users\matisse\Desktop\docker-simple-cicd-demo\actions-runner\.runner
[2026-05-21 01:43:33Z INFO HostContext] Well known directory 'Bin': 'C:\Users\matisse\Desktop\docker-simple-cicd-demo\actions-runner\bin'
[2026-05-21 01:43:33Z INFO HostContext] Well known directory 'Root': 'C:\Users\matisse\Desktop\docker-simple-cicd-demo\actions-runner'
[2026-05-21 01:43:33Z INFO HostContext] Well known config file 'MigratedRunner': 'C:\Users\matisse\Desktop\docker-simple-cicd-demo\actions-runner\.runner_migrated'
[2026-05-21 01:43:33Z INFO ConfigurationStore] MigratedConfigFilePath: C:\Users\matisse\Desktop\docker-simple-cicd-demo\actions-runner\.runner_migrated
[2026-05-21 01:43:33Z INFO HostContext] Well known directory 'Bin': 'C:\Users\matisse\Desktop\docker-simple-cicd-demo\actions-runner\bin'
[2026-05-21 01:43:33Z INFO HostContext] Well known directory 'Root': 'C:\Users\matisse\Desktop\docker-simple-cicd-demo\actions-runner'
[2026-05-21 01:43:33Z INFO HostContext] Well known config file 'Credentials': 'C:\Users\matisse\Desktop\docker-simple-cicd-demo\actions-runner\.credentials'
[2026-05-21 01:43:33Z INFO ConfigurationStore] CredFilePath: C:\Users\matisse\Desktop\docker-simple-cicd-demo\actions-runner\.credentials
[2026-05-21 01:43:33Z INFO HostContext] Well known directory 'Bin': 'C:\Users\matisse\Desktop\docker-simple-cicd-demo\actions-runner\bin'
[2026-05-21 01:43:33Z INFO HostContext] Well known directory 'Root': 'C:\Users\matisse\Desktop\docker-simple-cicd-demo\actions-runner'
[2026-05-21 01:43:33Z INFO HostContext] Well known config file 'MigratedCredentials': 'C:\Users\matisse\Desktop\docker-simple-cicd-demo\actions-runner\.credentials_migrated'
[2026-05-21 01:43:33Z INFO ConfigurationStore] MigratedCredFilePath: C:\Users\matisse\Desktop\docker-simple-cicd-demo\actions-runner\.credentials_migrated
[2026-05-21 01:43:33Z INFO HostContext] Well known directory 'Bin': 'C:\Users\matisse\Desktop\docker-simple-cicd-demo\actions-runner\bin'
[2026-05-21 01:43:33Z INFO HostContext] Well known directory 'Root': 'C:\Users\matisse\Desktop\docker-simple-cicd-demo\actions-runner'
[2026-05-21 01:43:33Z INFO HostContext] Well known config file 'Service': 'C:\Users\matisse\Desktop\docker-simple-cicd-demo\actions-runner\.service'
[2026-05-21 01:43:33Z INFO ConfigurationStore] ServiceConfigFilePath: C:\Users\matisse\Desktop\docker-simple-cicd-demo\actions-runner\.service
[2026-05-21 01:43:33Z INFO CommandSettings] Flag 'help': 'False'
[2026-05-21 01:43:33Z INFO CommandSettings] Flag 'version': 'False'
[2026-05-21 01:43:33Z INFO CommandSettings] Flag 'commit': 'False'
[2026-05-21 01:43:33Z INFO CommandSettings] Flag 'check': 'False'
[2026-05-21 01:43:33Z INFO CommandSettings] Command 'configure': 'False'
[2026-05-21 01:43:33Z INFO CommandSettings] Command 'remove': 'False'
[2026-05-21 01:43:33Z INFO CommandSettings] Command 'warmup': 'False'
[2026-05-21 01:43:33Z INFO ConfigurationManager] LoadSettings
[2026-05-21 01:43:33Z INFO ConfigurationStore] IsConfigured()
[2026-05-21 01:43:33Z INFO ConfigurationStore] IsConfigured: True
[2026-05-21 01:43:33Z INFO ConfigurationManager] Is configured: True
[2026-05-21 01:43:33Z INFO ConfigurationStore] Read setting file: 417 chars
[2026-05-21 01:43:33Z INFO ConfigurationManager] Settings Loaded
[2026-05-21 01:43:33Z INFO ConfigurationStore] IsServiceConfigured()
[2026-05-21 01:43:33Z INFO ConfigurationStore] IsServiceConfigured: False
[2026-05-21 01:43:33Z INFO CommandSettings] Command 'run': 'True'
[2026-05-21 01:43:33Z INFO ConfigurationStore] IsConfigured()
[2026-05-21 01:43:33Z INFO ConfigurationStore] IsConfigured: True
[2026-05-21 01:43:33Z INFO ConfigurationManager] Is configured: True
[2026-05-21 01:43:33Z INFO Runner] Could not parse the argument value '' for StartupType. Defaulting to Manual
[2026-05-21 01:43:33Z INFO Runner] Set runner startup type - Manual
[2026-05-21 01:43:33Z INFO CommandSettings] Flag 'once': 'False'
[2026-05-21 01:43:33Z INFO CommandSettings] Flag 'once': 'False'
[2026-05-21 01:43:33Z INFO Runner] RunAsync
[2026-05-21 01:43:33Z INFO HostContext] Well known directory 'Bin': 'C:\Users\matisse\Desktop\docker-simple-cicd-demo\actions-runner\bin'
[2026-05-21 01:43:33Z INFO HostContext] Well known directory 'Root': 'C:\Users\matisse\Desktop\docker-simple-cicd-demo\actions-runner'
[2026-05-21 01:43:33Z INFO HostContext] Well known directory 'Work': 'C:\Users\matisse\Desktop\docker-simple-cicd-demo\actions-runner\_work'
[2026-05-21 01:43:33Z INFO Runner] Validating directory permissions for: 'C:\Users\matisse\Desktop\docker-simple-cicd-demo\actions-runner\_work'
[2026-05-21 01:43:33Z INFO ConfigurationManager] LoadMigratedSettings
[2026-05-21 01:43:33Z INFO ConfigurationStore] IsMigratedConfigured()
[2026-05-21 01:43:33Z INFO ConfigurationStore] IsMigratedConfigured: False
[2026-05-21 01:43:33Z INFO Runner] Failed to load migrated settings: No migrated configuration found.
[2026-05-21 01:43:33Z INFO Runner] Falling back to original .runner settings
[2026-05-21 01:43:33Z INFO Runner] Using BrokerMessageListener
[2026-05-21 01:43:33Z INFO BrokerMessageListener] Using provided settings
[2026-05-21 01:43:33Z INFO BrokerMessageListener] {
  "AgentId": 21,
  "AgentName": "DESKTOP-NM4ID62",
  "PoolId": 1,
  "PoolName": "Default",
  "ServerUrl": "https://pipelinesghubeus9.actions.githubusercontent.com/rUBOJHrlkELmj5pV8YbuH7McXaNIRpV3mhlooBPd2S3aXD9CY7/",
  "GitHubUrl": "https://github.com/rui0302-sasaki/docker-simple-cicd-demo",
  "WorkFolder": "_work",
  "UseV2Flow": true,
  "ServerUrlV2": "https://broker.actions.githubusercontent.com/"
}
[2026-05-21 01:43:33Z INFO BrokerMessageListener] Loading Credentials
[2026-05-21 01:43:33Z INFO ConfigurationStore] HasCredentials()
[2026-05-21 01:43:33Z INFO ConfigurationStore] stored True
[2026-05-21 01:43:33Z INFO CredentialManager] GetCredentialProvider
[2026-05-21 01:43:33Z INFO CredentialManager] Creating type OAuth
[2026-05-21 01:43:33Z INFO CredentialManager] Creating credential type: OAuth
[2026-05-21 01:43:33Z INFO HostContext] Well known directory 'Bin': 'C:\Users\matisse\Desktop\docker-simple-cicd-demo\actions-runner\bin'
[2026-05-21 01:43:33Z INFO HostContext] Well known directory 'Root': 'C:\Users\matisse\Desktop\docker-simple-cicd-demo\actions-runner'
[2026-05-21 01:43:33Z INFO HostContext] Well known config file 'RSACredentials': 'C:\Users\matisse\Desktop\docker-simple-cicd-demo\actions-runner\.credentials_rsaparams'
[2026-05-21 01:43:33Z INFO RSAEncryptedFileKeyManager] Loading RSA key parameters from file C:\Users\matisse\Desktop\docker-simple-cicd-demo\actions-runner\.credentials_rsaparams
[2026-05-21 01:43:33Z INFO BrokerMessageListener] Attempt to create session.
[2026-05-21 01:43:33Z INFO BrokerMessageListener] Connecting to the Broker Server...
[2026-05-21 01:43:33Z INFO ConfigurationStore] HasCredentials()
[2026-05-21 01:43:33Z INFO ConfigurationStore] stored True
[2026-05-21 01:43:33Z INFO CredentialManager] GetCredentialProvider
[2026-05-21 01:43:33Z INFO CredentialManager] Creating type OAuth
[2026-05-21 01:43:33Z INFO CredentialManager] Creating credential type: OAuth
[2026-05-21 01:43:33Z INFO RSAEncryptedFileKeyManager] Loading RSA key parameters from file C:\Users\matisse\Desktop\docker-simple-cicd-demo\actions-runner\.credentials_rsaparams
[2026-05-21 01:43:33Z INFO BrokerMessageListener] VssConnection created
[2026-05-21 01:43:33Z INFO BrokerMessageListener] Connecting to the Runner server...
[2026-05-21 01:43:33Z INFO RunnerServer] EstablishVssConnection
[2026-05-21 01:43:33Z INFO RunnerServer] Establish connection with 100 seconds timeout.
[2026-05-21 01:43:33Z INFO GitHubActionsService] Starting operation Location.GetConnectionData
[2026-05-21 01:43:33Z INFO RunnerServer] EstablishVssConnection
[2026-05-21 01:43:33Z INFO RunnerServer] Establish connection with 60 seconds timeout.
[2026-05-21 01:43:33Z INFO GitHubActionsService] Starting operation Location.GetConnectionData
[2026-05-21 01:43:33Z INFO RunnerServer] EstablishVssConnection
[2026-05-21 01:43:33Z INFO RunnerServer] Establish connection with 60 seconds timeout.
[2026-05-21 01:43:33Z INFO GitHubActionsService] Starting operation Location.GetConnectionData
[2026-05-21 01:43:34Z INFO GitHubActionsService] Finished operation Location.GetConnectionData
[2026-05-21 01:43:34Z INFO GitHubActionsService] Finished operation Location.GetConnectionData
[2026-05-21 01:43:34Z INFO GitHubActionsService] Finished operation Location.GetConnectionData
[2026-05-21 01:43:34Z INFO BrokerMessageListener] VssConnection created
[2026-05-21 01:43:34Z INFO Terminal] WRITE LINE: 
[2026-05-21 01:43:34Z INFO Terminal] WRITE LINE: 
[2026-05-21 01:43:34Z INFO RSAEncryptedFileKeyManager] Loading RSA key parameters from file C:\Users\matisse\Desktop\docker-simple-cicd-demo\actions-runner\.credentials_rsaparams
[2026-05-21 01:43:34Z INFO RSAEncryptedFileKeyManager] Loading RSA key parameters from file C:\Users\matisse\Desktop\docker-simple-cicd-demo\actions-runner\.credentials_rsaparams
[2026-05-21 01:43:35Z INFO GitHubActionsService] AAD Correlation ID for this token request: Unknown
[2026-05-21 01:43:36Z ERR  GitHubActionsService] POST request to https://broker.actions.githubusercontent.com/session failed. HTTP Status: Conflict
[2026-05-21 01:43:36Z ERR  BrokerMessageListener] Catch exception during create session.
[2026-05-21 01:43:36Z ERR  BrokerMessageListener] GitHub.DistributedTask.WebApi.TaskAgentSessionConflictException: Error: Conflict
   at GitHub.Actions.RunService.WebApi.BrokerHttpClient.CreateSessionAsync(TaskAgentSession session, CancellationToken cancellationToken)
   at GitHub.Runner.Common.BrokerServer.CreateSessionAsync(TaskAgentSession session, CancellationToken cancellationToken)
   at GitHub.Runner.Listener.BrokerMessageListener.CreateSessionAsync(CancellationToken token)
[2026-05-21 01:43:36Z INFO BrokerMessageListener] The session for this runner already exists.
[2026-05-21 01:43:36Z ERR  Terminal] WRITE ERROR: A session for this runner already exists.
[2026-05-21 01:43:36Z INFO BrokerMessageListener] The session conflict exception haven't reached retry limit.
[2026-05-21 01:43:36Z ERR  Terminal] WRITE ERROR: 2026-05-21 01:43:36Z: Runner connect error: Error: Conflict. Retrying until reconnected.
[2026-05-21 01:43:36Z INFO BrokerMessageListener] Sleeping for 30 seconds before retrying.
[2026-05-21 01:44:06Z INFO BrokerMessageListener] Attempt to create session.
[2026-05-21 01:44:06Z INFO BrokerMessageListener] Connecting to the Broker Server...
[2026-05-21 01:44:06Z INFO ConfigurationStore] HasCredentials()
[2026-05-21 01:44:06Z INFO ConfigurationStore] stored True
[2026-05-21 01:44:06Z INFO CredentialManager] GetCredentialProvider
[2026-05-21 01:44:06Z INFO CredentialManager] Creating type OAuth
[2026-05-21 01:44:06Z INFO CredentialManager] Creating credential type: OAuth
[2026-05-21 01:44:06Z INFO RSAEncryptedFileKeyManager] Loading RSA key parameters from file C:\Users\matisse\Desktop\docker-simple-cicd-demo\actions-runner\.credentials_rsaparams
[2026-05-21 01:44:06Z INFO BrokerMessageListener] VssConnection created
[2026-05-21 01:44:06Z INFO BrokerMessageListener] Connecting to the Runner server...
[2026-05-21 01:44:06Z INFO RunnerServer] EstablishVssConnection
[2026-05-21 01:44:06Z INFO RunnerServer] Establish connection with 100 seconds timeout.
[2026-05-21 01:44:06Z INFO GitHubActionsService] Starting operation Location.GetConnectionData
[2026-05-21 01:44:06Z INFO RunnerServer] EstablishVssConnection
[2026-05-21 01:44:06Z INFO RunnerServer] Establish connection with 60 seconds timeout.
[2026-05-21 01:44:06Z INFO GitHubActionsService] Starting operation Location.GetConnectionData
[2026-05-21 01:44:06Z INFO RunnerServer] EstablishVssConnection
[2026-05-21 01:44:06Z INFO RunnerServer] Establish connection with 60 seconds timeout.
[2026-05-21 01:44:06Z INFO GitHubActionsService] Starting operation Location.GetConnectionData
[2026-05-21 01:44:06Z INFO GitHubActionsService] Finished operation Location.GetConnectionData
[2026-05-21 01:44:06Z INFO GitHubActionsService] Finished operation Location.GetConnectionData
[2026-05-21 01:44:06Z INFO GitHubActionsService] Finished operation Location.GetConnectionData
[2026-05-21 01:44:06Z INFO BrokerMessageListener] VssConnection created
[2026-05-21 01:44:06Z INFO Terminal] WRITE LINE: 
[2026-05-21 01:44:06Z INFO Terminal] WRITE LINE: 
[2026-05-21 01:44:06Z INFO RSAEncryptedFileKeyManager] Loading RSA key parameters from file C:\Users\matisse\Desktop\docker-simple-cicd-demo\actions-runner\.credentials_rsaparams
[2026-05-21 01:44:06Z INFO RSAEncryptedFileKeyManager] Loading RSA key parameters from file C:\Users\matisse\Desktop\docker-simple-cicd-demo\actions-runner\.credentials_rsaparams
[2026-05-21 01:44:07Z INFO GitHubActionsService] AAD Correlation ID for this token request: Unknown
[2026-05-21 01:44:08Z ERR  GitHubActionsService] POST request to https://broker.actions.githubusercontent.com/session failed. HTTP Status: Conflict
[2026-05-21 01:44:08Z ERR  BrokerMessageListener] Catch exception during create session.
[2026-05-21 01:44:08Z ERR  BrokerMessageListener] GitHub.DistributedTask.WebApi.TaskAgentSessionConflictException: Error: Conflict
   at GitHub.Actions.RunService.WebApi.BrokerHttpClient.CreateSessionAsync(TaskAgentSession session, CancellationToken cancellationToken)
   at GitHub.Runner.Common.BrokerServer.CreateSessionAsync(TaskAgentSession session, CancellationToken cancellationToken)
   at GitHub.Runner.Listener.BrokerMessageListener.CreateSessionAsync(CancellationToken token)
[2026-05-21 01:44:08Z INFO BrokerMessageListener] The session for this runner already exists.
[2026-05-21 01:44:08Z ERR  Terminal] WRITE ERROR: A session for this runner already exists.
[2026-05-21 01:44:08Z INFO BrokerMessageListener] The session conflict exception haven't reached retry limit.
[2026-05-21 01:44:08Z INFO BrokerMessageListener] Sleeping for 30 seconds before retrying.
[2026-05-21 01:44:38Z INFO BrokerMessageListener] Attempt to create session.
[2026-05-21 01:44:38Z INFO BrokerMessageListener] Connecting to the Broker Server...
[2026-05-21 01:44:38Z INFO ConfigurationStore] HasCredentials()
[2026-05-21 01:44:38Z INFO ConfigurationStore] stored True
[2026-05-21 01:44:38Z INFO CredentialManager] GetCredentialProvider
[2026-05-21 01:44:38Z INFO CredentialManager] Creating type OAuth
[2026-05-21 01:44:38Z INFO CredentialManager] Creating credential type: OAuth
[2026-05-21 01:44:38Z INFO RSAEncryptedFileKeyManager] Loading RSA key parameters from file C:\Users\matisse\Desktop\docker-simple-cicd-demo\actions-runner\.credentials_rsaparams
[2026-05-21 01:44:38Z INFO BrokerMessageListener] VssConnection created
[2026-05-21 01:44:38Z INFO BrokerMessageListener] Connecting to the Runner server...
[2026-05-21 01:44:38Z INFO RunnerServer] EstablishVssConnection
[2026-05-21 01:44:38Z INFO RunnerServer] Establish connection with 100 seconds timeout.
[2026-05-21 01:44:38Z INFO GitHubActionsService] Starting operation Location.GetConnectionData
[2026-05-21 01:44:38Z INFO RunnerServer] EstablishVssConnection
[2026-05-21 01:44:38Z INFO RunnerServer] Establish connection with 60 seconds timeout.
[2026-05-21 01:44:38Z INFO GitHubActionsService] Starting operation Location.GetConnectionData
[2026-05-21 01:44:38Z INFO RunnerServer] EstablishVssConnection
[2026-05-21 01:44:38Z INFO RunnerServer] Establish connection with 60 seconds timeout.
[2026-05-21 01:44:38Z INFO GitHubActionsService] Starting operation Location.GetConnectionData
[2026-05-21 01:44:38Z INFO GitHubActionsService] Finished operation Location.GetConnectionData
[2026-05-21 01:44:38Z INFO GitHubActionsService] Finished operation Location.GetConnectionData
[2026-05-21 01:44:38Z INFO GitHubActionsService] Finished operation Location.GetConnectionData
[2026-05-21 01:44:39Z INFO BrokerMessageListener] VssConnection created
[2026-05-21 01:44:39Z INFO Terminal] WRITE LINE: 
[2026-05-21 01:44:39Z INFO Terminal] WRITE LINE: 
[2026-05-21 01:44:39Z INFO RSAEncryptedFileKeyManager] Loading RSA key parameters from file C:\Users\matisse\Desktop\docker-simple-cicd-demo\actions-runner\.credentials_rsaparams
[2026-05-21 01:44:39Z INFO RSAEncryptedFileKeyManager] Loading RSA key parameters from file C:\Users\matisse\Desktop\docker-simple-cicd-demo\actions-runner\.credentials_rsaparams
[2026-05-21 01:44:39Z INFO GitHubActionsService] AAD Correlation ID for this token request: Unknown
[2026-05-21 01:44:40Z ERR  GitHubActionsService] POST request to https://broker.actions.githubusercontent.com/session failed. HTTP Status: Conflict
[2026-05-21 01:44:40Z ERR  BrokerMessageListener] Catch exception during create session.
[2026-05-21 01:44:40Z ERR  BrokerMessageListener] GitHub.DistributedTask.WebApi.TaskAgentSessionConflictException: Error: Conflict
   at GitHub.Actions.RunService.WebApi.BrokerHttpClient.CreateSessionAsync(TaskAgentSession session, CancellationToken cancellationToken)
   at GitHub.Runner.Common.BrokerServer.CreateSessionAsync(TaskAgentSession session, CancellationToken cancellationToken)
   at GitHub.Runner.Listener.BrokerMessageListener.CreateSessionAsync(CancellationToken token)
[2026-05-21 01:44:40Z INFO BrokerMessageListener] The session for this runner already exists.
[2026-05-21 01:44:40Z ERR  Terminal] WRITE ERROR: A session for this runner already exists.
[2026-05-21 01:44:40Z INFO BrokerMessageListener] The session conflict exception haven't reached retry limit.
[2026-05-21 01:44:40Z INFO BrokerMessageListener] Sleeping for 30 seconds before retrying.
[2026-05-21 01:45:10Z INFO BrokerMessageListener] Attempt to create session.
[2026-05-21 01:45:10Z INFO BrokerMessageListener] Connecting to the Broker Server...
[2026-05-21 01:45:10Z INFO ConfigurationStore] HasCredentials()
[2026-05-21 01:45:10Z INFO ConfigurationStore] stored True
[2026-05-21 01:45:10Z INFO CredentialManager] GetCredentialProvider
[2026-05-21 01:45:10Z INFO CredentialManager] Creating type OAuth
[2026-05-21 01:45:10Z INFO CredentialManager] Creating credential type: OAuth
[2026-05-21 01:45:10Z INFO RSAEncryptedFileKeyManager] Loading RSA key parameters from file C:\Users\matisse\Desktop\docker-simple-cicd-demo\actions-runner\.credentials_rsaparams
[2026-05-21 01:45:10Z INFO BrokerMessageListener] VssConnection created
[2026-05-21 01:45:10Z INFO BrokerMessageListener] Connecting to the Runner server...
[2026-05-21 01:45:10Z INFO RunnerServer] EstablishVssConnection
[2026-05-21 01:45:10Z INFO RunnerServer] Establish connection with 100 seconds timeout.
[2026-05-21 01:45:10Z INFO GitHubActionsService] Starting operation Location.GetConnectionData
[2026-05-21 01:45:10Z INFO RunnerServer] EstablishVssConnection
[2026-05-21 01:45:10Z INFO RunnerServer] Establish connection with 60 seconds timeout.
[2026-05-21 01:45:10Z INFO GitHubActionsService] Starting operation Location.GetConnectionData
[2026-05-21 01:45:10Z INFO RunnerServer] EstablishVssConnection
[2026-05-21 01:45:10Z INFO RunnerServer] Establish connection with 60 seconds timeout.
[2026-05-21 01:45:10Z INFO GitHubActionsService] Starting operation Location.GetConnectionData
[2026-05-21 01:45:11Z INFO GitHubActionsService] Finished operation Location.GetConnectionData
[2026-05-21 01:45:11Z INFO GitHubActionsService] Finished operation Location.GetConnectionData
[2026-05-21 01:45:11Z INFO GitHubActionsService] Finished operation Location.GetConnectionData
[2026-05-21 01:45:11Z INFO BrokerMessageListener] VssConnection created
[2026-05-21 01:45:11Z INFO Terminal] WRITE LINE: 
[2026-05-21 01:45:11Z INFO Terminal] WRITE LINE: 
[2026-05-21 01:45:11Z INFO RSAEncryptedFileKeyManager] Loading RSA key parameters from file C:\Users\matisse\Desktop\docker-simple-cicd-demo\actions-runner\.credentials_rsaparams
[2026-05-21 01:45:11Z INFO RSAEncryptedFileKeyManager] Loading RSA key parameters from file C:\Users\matisse\Desktop\docker-simple-cicd-demo\actions-runner\.credentials_rsaparams
[2026-05-21 01:45:12Z INFO GitHubActionsService] AAD Correlation ID for this token request: Unknown
[2026-05-21 01:45:12Z ERR  GitHubActionsService] POST request to https://broker.actions.githubusercontent.com/session failed. HTTP Status: Conflict
[2026-05-21 01:45:12Z ERR  BrokerMessageListener] Catch exception during create session.
[2026-05-21 01:45:12Z ERR  BrokerMessageListener] GitHub.DistributedTask.WebApi.TaskAgentSessionConflictException: Error: Conflict
   at GitHub.Actions.RunService.WebApi.BrokerHttpClient.CreateSessionAsync(TaskAgentSession session, CancellationToken cancellationToken)
   at GitHub.Runner.Common.BrokerServer.CreateSessionAsync(TaskAgentSession session, CancellationToken cancellationToken)
   at GitHub.Runner.Listener.BrokerMessageListener.CreateSessionAsync(CancellationToken token)
[2026-05-21 01:45:12Z INFO BrokerMessageListener] The session for this runner already exists.
[2026-05-21 01:45:12Z ERR  Terminal] WRITE ERROR: A session for this runner already exists.
[2026-05-21 01:45:12Z INFO BrokerMessageListener] The session conflict exception haven't reached retry limit.
[2026-05-21 01:45:12Z INFO BrokerMessageListener] Sleeping for 30 seconds before retrying.
[2026-05-21 01:45:42Z INFO BrokerMessageListener] Attempt to create session.
[2026-05-21 01:45:42Z INFO BrokerMessageListener] Connecting to the Broker Server...
[2026-05-21 01:45:42Z INFO ConfigurationStore] HasCredentials()
[2026-05-21 01:45:42Z INFO ConfigurationStore] stored True
[2026-05-21 01:45:42Z INFO CredentialManager] GetCredentialProvider
[2026-05-21 01:45:42Z INFO CredentialManager] Creating type OAuth
[2026-05-21 01:45:42Z INFO CredentialManager] Creating credential type: OAuth
[2026-05-21 01:45:42Z INFO RSAEncryptedFileKeyManager] Loading RSA key parameters from file C:\Users\matisse\Desktop\docker-simple-cicd-demo\actions-runner\.credentials_rsaparams
[2026-05-21 01:45:42Z INFO BrokerMessageListener] VssConnection created
[2026-05-21 01:45:42Z INFO BrokerMessageListener] Connecting to the Runner server...
[2026-05-21 01:45:42Z INFO RunnerServer] EstablishVssConnection
[2026-05-21 01:45:42Z INFO RunnerServer] Establish connection with 100 seconds timeout.
[2026-05-21 01:45:42Z INFO GitHubActionsService] Starting operation Location.GetConnectionData
[2026-05-21 01:45:42Z INFO RunnerServer] EstablishVssConnection
[2026-05-21 01:45:42Z INFO RunnerServer] Establish connection with 60 seconds timeout.
[2026-05-21 01:45:42Z INFO GitHubActionsService] Starting operation Location.GetConnectionData
[2026-05-21 01:45:42Z INFO RunnerServer] EstablishVssConnection
[2026-05-21 01:45:42Z INFO RunnerServer] Establish connection with 60 seconds timeout.
[2026-05-21 01:45:42Z INFO GitHubActionsService] Starting operation Location.GetConnectionData
[2026-05-21 01:45:43Z INFO GitHubActionsService] Finished operation Location.GetConnectionData
[2026-05-21 01:45:43Z INFO GitHubActionsService] Finished operation Location.GetConnectionData
[2026-05-21 01:45:43Z INFO GitHubActionsService] Finished operation Location.GetConnectionData
[2026-05-21 01:45:43Z INFO BrokerMessageListener] VssConnection created
[2026-05-21 01:45:43Z INFO Terminal] WRITE LINE: 
[2026-05-21 01:45:43Z INFO Terminal] WRITE LINE: 
[2026-05-21 01:45:43Z INFO RSAEncryptedFileKeyManager] Loading RSA key parameters from file C:\Users\matisse\Desktop\docker-simple-cicd-demo\actions-runner\.credentials_rsaparams
[2026-05-21 01:45:43Z INFO RSAEncryptedFileKeyManager] Loading RSA key parameters from file C:\Users\matisse\Desktop\docker-simple-cicd-demo\actions-runner\.credentials_rsaparams
[2026-05-21 01:45:44Z INFO GitHubActionsService] AAD Correlation ID for this token request: Unknown
[2026-05-21 01:45:44Z ERR  GitHubActionsService] POST request to https://broker.actions.githubusercontent.com/session failed. HTTP Status: Conflict
[2026-05-21 01:45:44Z ERR  BrokerMessageListener] Catch exception during create session.
[2026-05-21 01:45:44Z ERR  BrokerMessageListener] GitHub.DistributedTask.WebApi.TaskAgentSessionConflictException: Error: Conflict
   at GitHub.Actions.RunService.WebApi.BrokerHttpClient.CreateSessionAsync(TaskAgentSession session, CancellationToken cancellationToken)
   at GitHub.Runner.Common.BrokerServer.CreateSessionAsync(TaskAgentSession session, CancellationToken cancellationToken)
   at GitHub.Runner.Listener.BrokerMessageListener.CreateSessionAsync(CancellationToken token)
[2026-05-21 01:45:44Z INFO BrokerMessageListener] The session for this runner already exists.
[2026-05-21 01:45:44Z ERR  Terminal] WRITE ERROR: A session for this runner already exists.
[2026-05-21 01:45:44Z INFO BrokerMessageListener] The session conflict exception haven't reached retry limit.
[2026-05-21 01:45:44Z INFO BrokerMessageListener] Sleeping for 30 seconds before retrying.
[2026-05-21 01:46:11Z INFO Terminal] WRITE LINE: Exiting...
[2026-05-21 01:46:11Z INFO ConfigurationStore] IsServiceConfigured()
[2026-05-21 01:46:11Z INFO ConfigurationStore] IsServiceConfigured: False
[2026-05-21 01:46:11Z INFO HostContext] Runner will be shutdown for UserCancelled
[2026-05-21 01:46:11Z INFO Listener] Runner execution been cancelled.
